[DEBUG] 2023-01-23 18:55:44.313 [main] [HikariConfig.attemptFromContextLoader] {} - Driver class oracle.jdbc.OracleDriver found in Thread context class loader jdk.internal.loader.ClassLoaders$AppClassLoader@c387f44
[DEBUG] 2023-01-23 18:55:47.005 [main] [HikariConfig.logConfiguration] {} - HikariPool-1 - configuration:
[DEBUG] 2023-01-23 18:55:47.008 [main] [HikariConfig.logConfiguration] {} - allowPoolSuspension................................false
[DEBUG] 2023-01-23 18:55:47.009 [main] [HikariConfig.logConfiguration] {} - autoCommit................................true
[DEBUG] 2023-01-23 18:55:47.009 [main] [HikariConfig.logConfiguration] {} - catalog................................none
[DEBUG] 2023-01-23 18:55:47.010 [main] [HikariConfig.logConfiguration] {} - connectionInitSql................................none
[DEBUG] 2023-01-23 18:55:47.010 [main] [HikariConfig.logConfiguration] {} - connectionTestQuery................................none
[DEBUG] 2023-01-23 18:55:47.011 [main] [HikariConfig.logConfiguration] {} - connectionTimeout................................30000
[DEBUG] 2023-01-23 18:55:47.012 [main] [HikariConfig.logConfiguration] {} - dataSource................................none
[DEBUG] 2023-01-23 18:55:47.012 [main] [HikariConfig.logConfiguration] {} - dataSourceClassName................................none
[DEBUG] 2023-01-23 18:55:47.012 [main] [HikariConfig.logConfiguration] {} - dataSourceJNDI................................none
[DEBUG] 2023-01-23 18:55:47.013 [main] [HikariConfig.logConfiguration] {} - dataSourceProperties................................{password=<masked>}
[DEBUG] 2023-01-23 18:55:47.014 [main] [HikariConfig.logConfiguration] {} - driverClassName................................"oracle.jdbc.OracleDriver"
[DEBUG] 2023-01-23 18:55:47.014 [main] [HikariConfig.logConfiguration] {} - exceptionOverrideClassName................................none
[DEBUG] 2023-01-23 18:55:47.014 [main] [HikariConfig.logConfiguration] {} - healthCheckProperties................................{}
[DEBUG] 2023-01-23 18:55:47.015 [main] [HikariConfig.logConfiguration] {} - healthCheckRegistry................................none
[DEBUG] 2023-01-23 18:55:47.015 [main] [HikariConfig.logConfiguration] {} - idleTimeout................................600000
[DEBUG] 2023-01-23 18:55:47.016 [main] [HikariConfig.logConfiguration] {} - initializationFailTimeout................................1
[DEBUG] 2023-01-23 18:55:47.017 [main] [HikariConfig.logConfiguration] {} - isolateInternalQueries................................false
[DEBUG] 2023-01-23 18:55:47.018 [main] [HikariConfig.logConfiguration] {} - jdbcUrl................................jdbc:oracle:thin:@10.0.20.38:1521/orclpdb
[DEBUG] 2023-01-23 18:55:47.019 [main] [HikariConfig.logConfiguration] {} - keepaliveTime................................0
[DEBUG] 2023-01-23 18:55:47.019 [main] [HikariConfig.logConfiguration] {} - leakDetectionThreshold................................0
[DEBUG] 2023-01-23 18:55:47.020 [main] [HikariConfig.logConfiguration] {} - maxLifetime................................1800000
[DEBUG] 2023-01-23 18:55:47.020 [main] [HikariConfig.logConfiguration] {} - maximumPoolSize................................10
[DEBUG] 2023-01-23 18:55:47.020 [main] [HikariConfig.logConfiguration] {} - metricRegistry................................none
[DEBUG] 2023-01-23 18:55:47.021 [main] [HikariConfig.logConfiguration] {} - metricsTrackerFactory................................none
[DEBUG] 2023-01-23 18:55:47.021 [main] [HikariConfig.logConfiguration] {} - minimumIdle................................10
[DEBUG] 2023-01-23 18:55:47.021 [main] [HikariConfig.logConfiguration] {} - password................................<masked>
[DEBUG] 2023-01-23 18:55:47.022 [main] [HikariConfig.logConfiguration] {} - poolName................................"HikariPool-1"
[DEBUG] 2023-01-23 18:55:47.022 [main] [HikariConfig.logConfiguration] {} - readOnly................................false
[DEBUG] 2023-01-23 18:55:47.023 [main] [HikariConfig.logConfiguration] {} - registerMbeans................................false
[DEBUG] 2023-01-23 18:55:47.023 [main] [HikariConfig.logConfiguration] {} - scheduledExecutor................................none
[DEBUG] 2023-01-23 18:55:47.024 [main] [HikariConfig.logConfiguration] {} - schema................................none
[DEBUG] 2023-01-23 18:55:47.024 [main] [HikariConfig.logConfiguration] {} - threadFactory................................internal
[DEBUG] 2023-01-23 18:55:47.025 [main] [HikariConfig.logConfiguration] {} - transactionIsolation................................default
[DEBUG] 2023-01-23 18:55:47.025 [main] [HikariConfig.logConfiguration] {} - username................................"DAILY_APP"
[DEBUG] 2023-01-23 18:55:47.025 [main] [HikariConfig.logConfiguration] {} - validationTimeout................................5000
[INFO ] 2023-01-23 18:55:47.026 [main] [HikariDataSource.getConnection] {} - HikariPool-1 - Starting...
[DEBUG] 2023-01-23 18:56:08.278 [main] [PoolBase.newConnection] {} - HikariPool-1 - Failed to create/setup connection: IO Error: The Network Adapter could not establish the connection
[DEBUG] 2023-01-23 18:56:08.279 [main] [HikariPool.createPoolEntry] {} - HikariPool-1 - Cannot acquire connection from data source
java.sql.SQLRecoverableException: IO Error: The Network Adapter could not establish the connection
	at oracle.jdbc.driver.T4CConnection.logon(T4CConnection.java:854) ~[ojdbc8-19.3.0.0.jar:19.3.0.0.0]
	at oracle.jdbc.driver.PhysicalConnection.connect(PhysicalConnection.java:793) ~[ojdbc8-19.3.0.0.jar:19.3.0.0.0]
	at oracle.jdbc.driver.T4CDriverExtension.getConnection(T4CDriverExtension.java:57) ~[ojdbc8-19.3.0.0.jar:19.3.0.0.0]
	at oracle.jdbc.driver.OracleDriver.connect(OracleDriver.java:747) ~[ojdbc8-19.3.0.0.jar:19.3.0.0.0]
	at oracle.jdbc.driver.OracleDriver.connect(OracleDriver.java:562) ~[ojdbc8-19.3.0.0.jar:19.3.0.0.0]
	at com.zaxxer.hikari.util.DriverDataSource.getConnection(DriverDataSource.java:138) ~[HikariCP-4.0.3.jar:?]
	at com.zaxxer.hikari.pool.PoolBase.newConnection(PoolBase.java:364) ~[HikariCP-4.0.3.jar:?]
	at com.zaxxer.hikari.pool.PoolBase.newPoolEntry(PoolBase.java:206) ~[HikariCP-4.0.3.jar:?]
	at com.zaxxer.hikari.pool.HikariPool.createPoolEntry(HikariPool.java:476) ~[HikariCP-4.0.3.jar:?]
	at com.zaxxer.hikari.pool.HikariPool.checkFailFast(HikariPool.java:561) ~[HikariCP-4.0.3.jar:?]
	at com.zaxxer.hikari.pool.HikariPool.<init>(HikariPool.java:115) ~[HikariCP-4.0.3.jar:?]
	at com.zaxxer.hikari.HikariDataSource.getConnection(HikariDataSource.java:112) ~[HikariCP-4.0.3.jar:?]
	at org.springframework.jdbc.datasource.DataSourceUtils.fetchConnection(DataSourceUtils.java:159) ~[spring-jdbc-5.3.20.jar:5.3.20]
	at org.springframework.jdbc.datasource.DataSourceUtils.doGetConnection(DataSourceUtils.java:117) ~[spring-jdbc-5.3.20.jar:5.3.20]
	at org.springframework.jdbc.datasource.DataSourceUtils.getConnection(DataSourceUtils.java:80) ~[spring-jdbc-5.3.20.jar:5.3.20]
	at org.springframework.jdbc.core.JdbcTemplate.execute(JdbcTemplate.java:330) ~[spring-jdbc-5.3.20.jar:5.3.20]
	at org.springframework.data.jdbc.repository.config.DialectResolver$DefaultDialectProvider.getDialect(DialectResolver.java:108) ~[spring-data-jdbc-2.4.0.jar:2.4.0]
	at org.springframework.data.jdbc.repository.config.DialectResolver.lambda$getDialect$0(DialectResolver.java:78) ~[spring-data-jdbc-2.4.0.jar:2.4.0]
	at java.util.stream.ReferencePipeline$3$1.accept(ReferencePipeline.java:197) ~[?:?]
	at java.util.ArrayList$ArrayListSpliterator.tryAdvance(ArrayList.java:1602) ~[?:?]
	at java.util.stream.ReferencePipeline.forEachWithCancel(ReferencePipeline.java:129) ~[?:?]
	at java.util.stream.AbstractPipeline.copyIntoWithCancel(AbstractPipeline.java:527) ~[?:?]
	at java.util.stream.AbstractPipeline.copyInto(AbstractPipeline.java:513) ~[?:?]
	at java.util.stream.AbstractPipeline.wrapAndCopyInto(AbstractPipeline.java:499) ~[?:?]
	at java.util.stream.FindOps$FindOp.evaluateSequential(FindOps.java:150) ~[?:?]
	at java.util.stream.AbstractPipeline.evaluate(AbstractPipeline.java:234) ~[?:?]
	at java.util.stream.ReferencePipeline.findFirst(ReferencePipeline.java:647) ~[?:?]
	at org.springframework.data.jdbc.repository.config.DialectResolver.getDialect(DialectResolver.java:80) ~[spring-data-jdbc-2.4.0.jar:2.4.0]
	at org.springframework.data.jdbc.repository.config.AbstractJdbcConfiguration.jdbcDialect(AbstractJdbcConfiguration.java:186) ~[spring-data-jdbc-2.4.0.jar:2.4.0]
	at jdk.internal.reflect.DirectMethodHandleAccessor.invoke(DirectMethodHandleAccessor.java:104) ~[?:?]
	at java.lang.reflect.Method.invoke(Method.java:577) ~[?:?]
	at org.springframework.beans.factory.support.SimpleInstantiationStrategy.instantiate(SimpleInstantiationStrategy.java:154) ~[spring-beans-5.3.20.jar:5.3.20]
	at org.springframework.beans.factory.support.ConstructorResolver.instantiate(ConstructorResolver.java:653) ~[spring-beans-5.3.20.jar:5.3.20]
	at org.springframework.beans.factory.support.ConstructorResolver.instantiateUsingFactoryMethod(ConstructorResolver.java:638) ~[spring-beans-5.3.20.jar:5.3.20]
	at org.springframework.beans.factory.support.AbstractAutowireCapableBeanFactory.instantiateUsingFactoryMethod(AbstractAutowireCapableBeanFactory.java:1352) ~[spring-beans-5.3.20.jar:5.3.20]
	at org.springframework.beans.factory.support.AbstractAutowireCapableBeanFactory.createBeanInstance(AbstractAutowireCapableBeanFactory.java:1195) ~[spring-beans-5.3.20.jar:5.3.20]
	at org.springframework.beans.factory.support.AbstractAutowireCapableBeanFactory.doCreateBean(AbstractAutowireCapableBeanFactory.java:582) ~[spring-beans-5.3.20.jar:5.3.20]
	at org.springframework.beans.factory.support.AbstractAutowireCapableBeanFactory.createBean(AbstractAutowireCapableBeanFactory.java:542) ~[spring-beans-5.3.20.jar:5.3.20]
	at org.springframework.beans.factory.support.AbstractBeanFactory.lambda$doGetBean$0(AbstractBeanFactory.java:335) ~[spring-beans-5.3.20.jar:5.3.20]
	at org.springframework.beans.factory.support.DefaultSingletonBeanRegistry.getSingleton(DefaultSingletonBeanRegistry.java:234) ~[spring-beans-5.3.20.jar:5.3.20]
	at org.springframework.beans.factory.support.AbstractBeanFactory.doGetBean(AbstractBeanFactory.java:333) ~[spring-beans-5.3.20.jar:5.3.20]
	at org.springframework.beans.factory.support.AbstractBeanFactory.getBean(AbstractBeanFactory.java:233) ~[spring-beans-5.3.20.jar:5.3.20]
	at org.springframework.beans.factory.support.DefaultListableBeanFactory.resolveNamedBean(DefaultListableBeanFactory.java:1282) ~[spring-beans-5.3.20.jar:5.3.20]
	at org.springframework.beans.factory.support.DefaultListableBeanFactory.resolveNamedBean(DefaultListableBeanFactory.java:1243) ~[spring-beans-5.3.20.jar:5.3.20]
	at org.springframework.beans.factory.support.DefaultListableBeanFactory.resolveBean(DefaultListableBeanFactory.java:494) ~[spring-beans-5.3.20.jar:5.3.20]
	at org.springframework.beans.factory.support.DefaultListableBeanFactory.getBean(DefaultListableBeanFactory.java:349) ~[spring-beans-5.3.20.jar:5.3.20]
	at org.springframework.beans.factory.support.DefaultListableBeanFactory.getBean(DefaultListableBeanFactory.java:342) ~[spring-beans-5.3.20.jar:5.3.20]
	at org.springframework.context.support.AbstractApplicationContext.getBean(AbstractApplicationContext.java:1172) ~[spring-context-5.3.20.jar:5.3.20]
	at org.springframework.data.jdbc.repository.config.AbstractJdbcConfiguration.jdbcCustomConversions(AbstractJdbcConfiguration.java:117) ~[spring-data-jdbc-2.4.0.jar:2.4.0]
	at jdk.internal.reflect.DirectMethodHandleAccessor.invoke(DirectMethodHandleAccessor.java:104) ~[?:?]
	at java.lang.reflect.Method.invoke(Method.java:577) ~[?:?]
	at org.springframework.beans.factory.support.SimpleInstantiationStrategy.instantiate(SimpleInstantiationStrategy.java:154) ~[spring-beans-5.3.20.jar:5.3.20]
	at org.springframework.beans.factory.support.ConstructorResolver.instantiate(ConstructorResolver.java:653) ~[spring-beans-5.3.20.jar:5.3.20]
	at org.springframework.beans.factory.support.ConstructorResolver.instantiateUsingFactoryMethod(ConstructorResolver.java:486) ~[spring-beans-5.3.20.jar:5.3.20]
	at org.springframework.beans.factory.support.AbstractAutowireCapableBeanFactory.instantiateUsingFactoryMethod(AbstractAutowireCapableBeanFactory.java:1352) ~[spring-beans-5.3.20.jar:5.3.20]
	at org.springframework.beans.factory.support.AbstractAutowireCapableBeanFactory.createBeanInstance(AbstractAutowireCapableBeanFactory.java:1195) ~[spring-beans-5.3.20.jar:5.3.20]
	at org.springframework.beans.factory.support.AbstractAutowireCapableBeanFactory.doCreateBean(AbstractAutowireCapableBeanFactory.java:582) ~[spring-beans-5.3.20.jar:5.3.20]
	at org.springframework.beans.factory.support.AbstractAutowireCapableBeanFactory.createBean(AbstractAutowireCapableBeanFactory.java:542) ~[spring-beans-5.3.20.jar:5.3.20]
	at org.springframework.beans.factory.support.AbstractBeanFactory.lambda$doGetBean$0(AbstractBeanFactory.java:335) ~[spring-beans-5.3.20.jar:5.3.20]
	at org.springframework.beans.factory.support.DefaultSingletonBeanRegistry.getSingleton(DefaultSingletonBeanRegistry.java:234) ~[spring-beans-5.3.20.jar:5.3.20]
	at org.springframework.beans.factory.support.AbstractBeanFactory.doGetBean(AbstractBeanFactory.java:333) ~[spring-beans-5.3.20.jar:5.3.20]
	at org.springframework.beans.factory.support.AbstractBeanFactory.getBean(AbstractBeanFactory.java:208) ~[spring-beans-5.3.20.jar:5.3.20]
	at org.springframework.beans.factory.config.DependencyDescriptor.resolveCandidate(DependencyDescriptor.java:276) ~[spring-beans-5.3.20.jar:5.3.20]
	at org.springframework.beans.factory.support.DefaultListableBeanFactory.doResolveDependency(DefaultListableBeanFactory.java:1389) ~[spring-beans-5.3.20.jar:5.3.20]
	at org.springframework.beans.factory.support.DefaultListableBeanFactory.resolveDependency(DefaultListableBeanFactory.java:1309) ~[spring-beans-5.3.20.jar:5.3.20]
	at org.springframework.beans.factory.support.ConstructorResolver.resolveAutowiredArgument(ConstructorResolver.java:887) ~[spring-beans-5.3.20.jar:5.3.20]
	at org.springframework.beans.factory.support.ConstructorResolver.createArgumentArray(ConstructorResolver.java:791) ~[spring-beans-5.3.20.jar:5.3.20]
	at org.springframework.beans.factory.support.ConstructorResolver.instantiateUsingFactoryMethod(ConstructorResolver.java:541) ~[spring-beans-5.3.20.jar:5.3.20]
	at org.springframework.beans.factory.support.AbstractAutowireCapableBeanFactory.instantiateUsingFactoryMethod(AbstractAutowireCapableBeanFactory.java:1352) ~[spring-beans-5.3.20.jar:5.3.20]
	at org.springframework.beans.factory.support.AbstractAutowireCapableBeanFactory.createBeanInstance(AbstractAutowireCapableBeanFactory.java:1195) ~[spring-beans-5.3.20.jar:5.3.20]
	at org.springframework.beans.factory.support.AbstractAutowireCapableBeanFactory.doCreateBean(AbstractAutowireCapableBeanFactory.java:582) ~[spring-beans-5.3.20.jar:5.3.20]
	at org.springframework.beans.factory.support.AbstractAutowireCapableBeanFactory.createBean(AbstractAutowireCapableBeanFactory.java:542) ~[spring-beans-5.3.20.jar:5.3.20]
	at org.springframework.beans.factory.support.AbstractBeanFactory.lambda$doGetBean$0(AbstractBeanFactory.java:335) ~[spring-beans-5.3.20.jar:5.3.20]
	at org.springframework.beans.factory.support.DefaultSingletonBeanRegistry.getSingleton(DefaultSingletonBeanRegistry.java:234) ~[spring-beans-5.3.20.jar:5.3.20]
	at org.springframework.beans.factory.support.AbstractBeanFactory.doGetBean(AbstractBeanFactory.java:333) ~[spring-beans-5.3.20.jar:5.3.20]
	at org.springframework.beans.factory.support.AbstractBeanFactory.getBean(AbstractBeanFactory.java:208) ~[spring-beans-5.3.20.jar:5.3.20]
	at org.springframework.beans.factory.support.DefaultListableBeanFactory.preInstantiateSingletons(DefaultListableBeanFactory.java:953) ~[spring-beans-5.3.20.jar:5.3.20]
	at org.springframework.context.support.AbstractApplicationContext.finishBeanFactoryInitialization(AbstractApplicationContext.java:918) ~[spring-context-5.3.20.jar:5.3.20]
	at org.springframework.context.support.AbstractApplicationContext.refresh(AbstractApplicationContext.java:583) ~[spring-context-5.3.20.jar:5.3.20]
	at org.springframework.boot.SpringApplication.refresh(SpringApplication.java:734) ~[spring-boot-2.7.0.jar:2.7.0]
	at org.springframework.boot.SpringApplication.refreshContext(SpringApplication.java:408) ~[spring-boot-2.7.0.jar:2.7.0]
	at org.springframework.boot.SpringApplication.run(SpringApplication.java:308) ~[spring-boot-2.7.0.jar:2.7.0]
	at org.springframework.boot.test.context.SpringBootContextLoader.loadContext(SpringBootContextLoader.java:132) ~[spring-boot-test-2.7.0.jar:2.7.0]
	at org.springframework.test.context.cache.DefaultCacheAwareContextLoaderDelegate.loadContextInternal(DefaultCacheAwareContextLoaderDelegate.java:99) ~[spring-test-5.3.20.jar:5.3.20]
	at org.springframework.test.context.cache.DefaultCacheAwareContextLoaderDelegate.loadContext(DefaultCacheAwareContextLoaderDelegate.java:124) ~[spring-test-5.3.20.jar:5.3.20]
	at org.springframework.test.context.support.DefaultTestContext.getApplicationContext(DefaultTestContext.java:124) ~[spring-test-5.3.20.jar:5.3.20]
	at org.springframework.test.context.support.DependencyInjectionTestExecutionListener.injectDependencies(DependencyInjectionTestExecutionListener.java:118) ~[spring-test-5.3.20.jar:5.3.20]
	at org.springframework.test.context.support.DependencyInjectionTestExecutionListener.prepareTestInstance(DependencyInjectionTestExecutionListener.java:83) ~[spring-test-5.3.20.jar:5.3.20]
	at org.springframework.boot.test.autoconfigure.SpringBootDependencyInjectionTestExecutionListener.prepareTestInstance(SpringBootDependencyInjectionTestExecutionListener.java:43) ~[spring-boot-test-autoconfigure-2.7.0.jar:2.7.0]
	at org.springframework.test.context.TestContextManager.prepareTestInstance(TestContextManager.java:248) ~[spring-test-5.3.20.jar:5.3.20]
	at org.springframework.test.context.junit.jupiter.SpringExtension.postProcessTestInstance(SpringExtension.java:138) ~[spring-test-5.3.20.jar:5.3.20]
	at org.junit.jupiter.engine.descriptor.ClassBasedTestDescriptor.lambda$invokeTestInstancePostProcessors$8(ClassBasedTestDescriptor.java:363) ~[junit-jupiter-engine-5.8.2.jar:5.8.2]
	at org.junit.jupiter.engine.descriptor.ClassBasedTestDescriptor.executeAndMaskThrowable(ClassBasedTestDescriptor.java:368) ~[junit-jupiter-engine-5.8.2.jar:5.8.2]
	at org.junit.jupiter.engine.descriptor.ClassBasedTestDescriptor.lambda$invokeTestInstancePostProcessors$9(ClassBasedTestDescriptor.java:363) ~[junit-jupiter-engine-5.8.2.jar:5.8.2]
	at java.util.stream.ReferencePipeline$3$1.accept(ReferencePipeline.java:197) ~[?:?]
	at java.util.stream.ReferencePipeline$2$1.accept(ReferencePipeline.java:179) ~[?:?]
	at java.util.ArrayList$ArrayListSpliterator.forEachRemaining(ArrayList.java:1625) ~[?:?]
	at java.util.stream.AbstractPipeline.copyInto(AbstractPipeline.java:509) ~[?:?]
	at java.util.stream.AbstractPipeline.wrapAndCopyInto(AbstractPipeline.java:499) ~[?:?]
	at java.util.stream.StreamSpliterators$WrappingSpliterator.forEachRemaining(StreamSpliterators.java:310) ~[?:?]
	at java.util.stream.Streams$ConcatSpliterator.forEachRemaining(Streams.java:735) ~[?:?]
	at java.util.stream.Streams$ConcatSpliterator.forEachRemaining(Streams.java:734) ~[?:?]
	at java.util.stream.ReferencePipeline$Head.forEach(ReferencePipeline.java:762) ~[?:?]
	at org.junit.jupiter.engine.descriptor.ClassBasedTestDescriptor.invokeTestInstancePostProcessors(ClassBasedTestDescriptor.java:362) ~[junit-jupiter-engine-5.8.2.jar:5.8.2]
	at org.junit.jupiter.engine.descriptor.ClassBasedTestDescriptor.lambda$instantiateAndPostProcessTestInstance$6(ClassBasedTestDescriptor.java:283) ~[junit-jupiter-engine-5.8.2.jar:5.8.2]
	at org.junit.platform.engine.support.hierarchical.ThrowableCollector.execute(ThrowableCollector.java:73) ~[junit-platform-engine-1.8.2.jar:1.8.2]
	at org.junit.jupiter.engine.descriptor.ClassBasedTestDescriptor.instantiateAndPostProcessTestInstance(ClassBasedTestDescriptor.java:282) ~[junit-jupiter-engine-5.8.2.jar:5.8.2]
	at org.junit.jupiter.engine.descriptor.ClassBasedTestDescriptor.lambda$testInstancesProvider$4(ClassBasedTestDescriptor.java:272) ~[junit-jupiter-engine-5.8.2.jar:5.8.2]
	at java.util.Optional.orElseGet(Optional.java:364) ~[?:?]
	at org.junit.jupiter.engine.descriptor.ClassBasedTestDescriptor.lambda$testInstancesProvider$5(ClassBasedTestDescriptor.java:271) ~[junit-jupiter-engine-5.8.2.jar:5.8.2]
	at org.junit.jupiter.engine.execution.TestInstancesProvider.getTestInstances(TestInstancesProvider.java:31) ~[junit-jupiter-engine-5.8.2.jar:5.8.2]
	at org.junit.jupiter.engine.descriptor.TestMethodTestDescriptor.lambda$prepare$0(TestMethodTestDescriptor.java:102) ~[junit-jupiter-engine-5.8.2.jar:5.8.2]
	at org.junit.platform.engine.support.hierarchical.ThrowableCollector.execute(ThrowableCollector.java:73) ~[junit-platform-engine-1.8.2.jar:1.8.2]
	at org.junit.jupiter.engine.descriptor.TestMethodTestDescriptor.prepare(TestMethodTestDescriptor.java:101) ~[junit-jupiter-engine-5.8.2.jar:5.8.2]
	at org.junit.jupiter.engine.descriptor.TestMethodTestDescriptor.prepare(TestMethodTestDescriptor.java:66) ~[junit-jupiter-engine-5.8.2.jar:5.8.2]
	at org.junit.platform.engine.support.hierarchical.NodeTestTask.lambda$prepare$2(NodeTestTask.java:123) ~[junit-platform-engine-1.8.2.jar:1.8.2]
	at org.junit.platform.engine.support.hierarchical.ThrowableCollector.execute(ThrowableCollector.java:73) ~[junit-platform-engine-1.8.2.jar:1.8.2]
	at org.junit.platform.engine.support.hierarchical.NodeTestTask.prepare(NodeTestTask.java:123) ~[junit-platform-engine-1.8.2.jar:1.8.2]
	at org.junit.platform.engine.support.hierarchical.NodeTestTask.execute(NodeTestTask.java:90) ~[junit-platform-engine-1.8.2.jar:1.8.2]
	at java.util.ArrayList.forEach(ArrayList.java:1511) ~[?:?]
	at org.junit.platform.engine.support.hierarchical.SameThreadHierarchicalTestExecutorService.invokeAll(SameThreadHierarchicalTestExecutorService.java:41) ~[junit-platform-engine-1.8.2.jar:1.8.2]
	at org.junit.platform.engine.support.hierarchical.NodeTestTask.lambda$executeRecursively$6(NodeTestTask.java:155) ~[junit-platform-engine-1.8.2.jar:1.8.2]
	at org.junit.platform.engine.support.hierarchical.ThrowableCollector.execute(ThrowableCollector.java:73) ~[junit-platform-engine-1.8.2.jar:1.8.2]
	at org.junit.platform.engine.support.hierarchical.NodeTestTask.lambda$executeRecursively$8(NodeTestTask.java:141) ~[junit-platform-engine-1.8.2.jar:1.8.2]
	at org.junit.platform.engine.support.hierarchical.Node.around(Node.java:137) ~[junit-platform-engine-1.8.2.jar:1.8.2]
	at org.junit.platform.engine.support.hierarchical.NodeTestTask.lambda$executeRecursively$9(NodeTestTask.java:139) ~[junit-platform-engine-1.8.2.jar:1.8.2]
	at org.junit.platform.engine.support.hierarchical.ThrowableCollector.execute(ThrowableCollector.java:73) ~[junit-platform-engine-1.8.2.jar:1.8.2]
	at org.junit.platform.engine.support.hierarchical.NodeTestTask.executeRecursively(NodeTestTask.java:138) ~[junit-platform-engine-1.8.2.jar:1.8.2]
	at org.junit.platform.engine.support.hierarchical.NodeTestTask.execute(NodeTestTask.java:95) ~[junit-platform-engine-1.8.2.jar:1.8.2]
	at java.util.ArrayList.forEach(ArrayList.java:1511) ~[?:?]
	at org.junit.platform.engine.support.hierarchical.SameThreadHierarchicalTestExecutorService.invokeAll(SameThreadHierarchicalTestExecutorService.java:41) ~[junit-platform-engine-1.8.2.jar:1.8.2]
	at org.junit.platform.engine.support.hierarchical.NodeTestTask.lambda$executeRecursively$6(NodeTestTask.java:155) ~[junit-platform-engine-1.8.2.jar:1.8.2]
	at org.junit.platform.engine.support.hierarchical.ThrowableCollector.execute(ThrowableCollector.java:73) ~[junit-platform-engine-1.8.2.jar:1.8.2]
	at org.junit.platform.engine.support.hierarchical.NodeTestTask.lambda$executeRecursively$8(NodeTestTask.java:141) ~[junit-platform-engine-1.8.2.jar:1.8.2]
	at org.junit.platform.engine.support.hierarchical.Node.around(Node.java:137) ~[junit-platform-engine-1.8.2.jar:1.8.2]
	at org.junit.platform.engine.support.hierarchical.NodeTestTask.lambda$executeRecursively$9(NodeTestTask.java:139) ~[junit-platform-engine-1.8.2.jar:1.8.2]
	at org.junit.platform.engine.support.hierarchical.ThrowableCollector.execute(ThrowableCollector.java:73) ~[junit-platform-engine-1.8.2.jar:1.8.2]
	at org.junit.platform.engine.support.hierarchical.NodeTestTask.executeRecursively(NodeTestTask.java:138) ~[junit-platform-engine-1.8.2.jar:1.8.2]
	at org.junit.platform.engine.support.hierarchical.NodeTestTask.execute(NodeTestTask.java:95) ~[junit-platform-engine-1.8.2.jar:1.8.2]
	at org.junit.platform.engine.support.hierarchical.SameThreadHierarchicalTestExecutorService.submit(SameThreadHierarchicalTestExecutorService.java:35) ~[junit-platform-engine-1.8.2.jar:1.8.2]
	at org.junit.platform.engine.support.hierarchical.HierarchicalTestExecutor.execute(HierarchicalTestExecutor.java:57) ~[junit-platform-engine-1.8.2.jar:1.8.2]
	at org.junit.platform.engine.support.hierarchical.HierarchicalTestEngine.execute(HierarchicalTestEngine.java:54) ~[junit-platform-engine-1.8.2.jar:1.8.2]
	at org.junit.platform.launcher.core.DefaultLauncher.execute(DefaultLauncher.java:220) ~[junit-platform-launcher-1.3.1.jar:1.3.1]
	at org.junit.platform.launcher.core.DefaultLauncher.lambda$execute$6(DefaultLauncher.java:188) ~[junit-platform-launcher-1.3.1.jar:1.3.1]
	at org.junit.platform.launcher.core.DefaultLauncher.withInterceptedStreams(DefaultLauncher.java:202) ~[junit-platform-launcher-1.3.1.jar:1.3.1]
	at org.junit.platform.launcher.core.DefaultLauncher.execute(DefaultLauncher.java:181) ~[junit-platform-launcher-1.3.1.jar:1.3.1]
	at org.junit.platform.launcher.core.DefaultLauncher.execute(DefaultLauncher.java:128) ~[junit-platform-launcher-1.3.1.jar:1.3.1]
	at org.apache.maven.surefire.junitplatform.JUnitPlatformProvider.invokeAllTests(JUnitPlatformProvider.java:150) ~[surefire-junit-platform-2.22.2.jar:2.22.2]
	at org.apache.maven.surefire.junitplatform.JUnitPlatformProvider.invoke(JUnitPlatformProvider.java:124) ~[surefire-junit-platform-2.22.2.jar:2.22.2]
	at org.apache.maven.surefire.booter.ForkedBooter.invokeProviderInSameClassLoader(ForkedBooter.java:384) ~[surefire-booter-2.22.2.jar:2.22.2]
	at org.apache.maven.surefire.booter.ForkedBooter.runSuitesInProcess(ForkedBooter.java:345) ~[surefire-booter-2.22.2.jar:2.22.2]
	at org.apache.maven.surefire.booter.ForkedBooter.execute(ForkedBooter.java:126) ~[surefire-booter-2.22.2.jar:2.22.2]
	at org.apache.maven.surefire.booter.ForkedBooter.main(ForkedBooter.java:418) ~[surefire-booter-2.22.2.jar:2.22.2]
Caused by: oracle.net.ns.NetException: The Network Adapter could not establish the connection
	at oracle.net.nt.ConnStrategy.execute(ConnStrategy.java:571) ~[ojdbc8-19.3.0.0.jar:19.3.0.0.0]
	at oracle.net.resolver.AddrResolution.resolveAndExecute(AddrResolution.java:548) ~[ojdbc8-19.3.0.0.jar:19.3.0.0.0]
	at oracle.net.ns.NSProtocol.establishConnection(NSProtocol.java:682) ~[ojdbc8-19.3.0.0.jar:19.3.0.0.0]
	at oracle.net.ns.NSProtocol.connect(NSProtocol.java:309) ~[ojdbc8-19.3.0.0.jar:19.3.0.0.0]
	at oracle.jdbc.driver.T4CConnection.connect(T4CConnection.java:1596) ~[ojdbc8-19.3.0.0.jar:19.3.0.0.0]
	at oracle.jdbc.driver.T4CConnection.logon(T4CConnection.java:588) ~[ojdbc8-19.3.0.0.jar:19.3.0.0.0]
	... 152 more
Caused by: java.io.IOException: Connection timed out: connect, socket connect lapse 21065 ms. /10.0.20.38 1521 30000 1 true
	at oracle.net.nt.TcpNTAdapter.connect(TcpNTAdapter.java:233) ~[ojdbc8-19.3.0.0.jar:19.3.0.0.0]
	at oracle.net.nt.ConnOption.connect(ConnOption.java:174) ~[ojdbc8-19.3.0.0.jar:19.3.0.0.0]
	at oracle.net.nt.ConnStrategy.execute(ConnStrategy.java:510) ~[ojdbc8-19.3.0.0.jar:19.3.0.0.0]
	at oracle.net.resolver.AddrResolution.resolveAndExecute(AddrResolution.java:548) ~[ojdbc8-19.3.0.0.jar:19.3.0.0.0]
	at oracle.net.ns.NSProtocol.establishConnection(NSProtocol.java:682) ~[ojdbc8-19.3.0.0.jar:19.3.0.0.0]
	at oracle.net.ns.NSProtocol.connect(NSProtocol.java:309) ~[ojdbc8-19.3.0.0.jar:19.3.0.0.0]
	at oracle.jdbc.driver.T4CConnection.connect(T4CConnection.java:1596) ~[ojdbc8-19.3.0.0.jar:19.3.0.0.0]
	at oracle.jdbc.driver.T4CConnection.logon(T4CConnection.java:588) ~[ojdbc8-19.3.0.0.jar:19.3.0.0.0]
	... 152 more
Caused by: java.net.ConnectException: Connection timed out: connect
	at sun.nio.ch.Net.connect0(Native Method) ~[?:?]
	at sun.nio.ch.Net.connect(Net.java:579) ~[?:?]
	at sun.nio.ch.Net.connect(Net.java:586) ~[?:?]
	at sun.nio.ch.SocketChannelImpl.connect(SocketChannelImpl.java:853) ~[?:?]
	at java.nio.channels.SocketChannel.open(SocketChannel.java:285) ~[?:?]
	at oracle.net.nt.TimeoutSocketChannel.connect(TimeoutSocketChannel.java:99) ~[ojdbc8-19.3.0.0.jar:19.3.0.0.0]
	at oracle.net.nt.TimeoutSocketChannel.<init>(TimeoutSocketChannel.java:77) ~[ojdbc8-19.3.0.0.jar:19.3.0.0.0]
	at oracle.net.nt.TcpNTAdapter.connect(TcpNTAdapter.java:192) ~[ojdbc8-19.3.0.0.jar:19.3.0.0.0]
	at oracle.net.nt.ConnOption.connect(ConnOption.java:174) ~[ojdbc8-19.3.0.0.jar:19.3.0.0.0]
	at oracle.net.nt.ConnStrategy.execute(ConnStrategy.java:510) ~[ojdbc8-19.3.0.0.jar:19.3.0.0.0]
	at oracle.net.resolver.AddrResolution.resolveAndExecute(AddrResolution.java:548) ~[ojdbc8-19.3.0.0.jar:19.3.0.0.0]
	at oracle.net.ns.NSProtocol.establishConnection(NSProtocol.java:682) ~[ojdbc8-19.3.0.0.jar:19.3.0.0.0]
	at oracle.net.ns.NSProtocol.connect(NSProtocol.java:309) ~[ojdbc8-19.3.0.0.jar:19.3.0.0.0]
	at oracle.jdbc.driver.T4CConnection.connect(T4CConnection.java:1596) ~[ojdbc8-19.3.0.0.jar:19.3.0.0.0]
	at oracle.jdbc.driver.T4CConnection.logon(T4CConnection.java:588) ~[ojdbc8-19.3.0.0.jar:19.3.0.0.0]
	... 152 more
[ERROR] 2023-01-23 18:56:09.301 [main] [HikariPool.throwPoolInitializationException] {} - HikariPool-1 - Exception during pool initialization.
java.sql.SQLRecoverableException: IO Error: The Network Adapter could not establish the connection
	at oracle.jdbc.driver.T4CConnection.logon(T4CConnection.java:854) ~[ojdbc8-19.3.0.0.jar:19.3.0.0.0]
	at oracle.jdbc.driver.PhysicalConnection.connect(PhysicalConnection.java:793) ~[ojdbc8-19.3.0.0.jar:19.3.0.0.0]
	at oracle.jdbc.driver.T4CDriverExtension.getConnection(T4CDriverExtension.java:57) ~[ojdbc8-19.3.0.0.jar:19.3.0.0.0]
	at oracle.jdbc.driver.OracleDriver.connect(OracleDriver.java:747) ~[ojdbc8-19.3.0.0.jar:19.3.0.0.0]
	at oracle.jdbc.driver.OracleDriver.connect(OracleDriver.java:562) ~[ojdbc8-19.3.0.0.jar:19.3.0.0.0]
	at com.zaxxer.hikari.util.DriverDataSource.getConnection(DriverDataSource.java:138) ~[HikariCP-4.0.3.jar:?]
	at com.zaxxer.hikari.pool.PoolBase.newConnection(PoolBase.java:364) ~[HikariCP-4.0.3.jar:?]
	at com.zaxxer.hikari.pool.PoolBase.newPoolEntry(PoolBase.java:206) ~[HikariCP-4.0.3.jar:?]
	at com.zaxxer.hikari.pool.HikariPool.createPoolEntry(HikariPool.java:476) ~[HikariCP-4.0.3.jar:?]
	at com.zaxxer.hikari.pool.HikariPool.checkFailFast(HikariPool.java:561) ~[HikariCP-4.0.3.jar:?]
	at com.zaxxer.hikari.pool.HikariPool.<init>(HikariPool.java:115) ~[HikariCP-4.0.3.jar:?]
	at com.zaxxer.hikari.HikariDataSource.getConnection(HikariDataSource.java:112) ~[HikariCP-4.0.3.jar:?]
	at org.springframework.jdbc.datasource.DataSourceUtils.fetchConnection(DataSourceUtils.java:159) ~[spring-jdbc-5.3.20.jar:5.3.20]
	at org.springframework.jdbc.datasource.DataSourceUtils.doGetConnection(DataSourceUtils.java:117) ~[spring-jdbc-5.3.20.jar:5.3.20]
	at org.springframework.jdbc.datasource.DataSourceUtils.getConnection(DataSourceUtils.java:80) ~[spring-jdbc-5.3.20.jar:5.3.20]
	at org.springframework.jdbc.core.JdbcTemplate.execute(JdbcTemplate.java:330) ~[spring-jdbc-5.3.20.jar:5.3.20]
	at org.springframework.data.jdbc.repository.config.DialectResolver$DefaultDialectProvider.getDialect(DialectResolver.java:108) ~[spring-data-jdbc-2.4.0.jar:2.4.0]
	at org.springframework.data.jdbc.repository.config.DialectResolver.lambda$getDialect$0(DialectResolver.java:78) ~[spring-data-jdbc-2.4.0.jar:2.4.0]
	at java.util.stream.ReferencePipeline$3$1.accept(ReferencePipeline.java:197) ~[?:?]
	at java.util.ArrayList$ArrayListSpliterator.tryAdvance(ArrayList.java:1602) ~[?:?]
	at java.util.stream.ReferencePipeline.forEachWithCancel(ReferencePipeline.java:129) ~[?:?]
	at java.util.stream.AbstractPipeline.copyIntoWithCancel(AbstractPipeline.java:527) ~[?:?]
	at java.util.stream.AbstractPipeline.copyInto(AbstractPipeline.java:513) ~[?:?]
	at java.util.stream.AbstractPipeline.wrapAndCopyInto(AbstractPipeline.java:499) ~[?:?]
	at java.util.stream.FindOps$FindOp.evaluateSequential(FindOps.java:150) ~[?:?]
	at java.util.stream.AbstractPipeline.evaluate(AbstractPipeline.java:234) ~[?:?]
	at java.util.stream.ReferencePipeline.findFirst(ReferencePipeline.java:647) ~[?:?]
	at org.springframework.data.jdbc.repository.config.DialectResolver.getDialect(DialectResolver.java:80) ~[spring-data-jdbc-2.4.0.jar:2.4.0]
	at org.springframework.data.jdbc.repository.config.AbstractJdbcConfiguration.jdbcDialect(AbstractJdbcConfiguration.java:186) ~[spring-data-jdbc-2.4.0.jar:2.4.0]
	at jdk.internal.reflect.DirectMethodHandleAccessor.invoke(DirectMethodHandleAccessor.java:104) ~[?:?]
	at java.lang.reflect.Method.invoke(Method.java:577) ~[?:?]
	at org.springframework.beans.factory.support.SimpleInstantiationStrategy.instantiate(SimpleInstantiationStrategy.java:154) ~[spring-beans-5.3.20.jar:5.3.20]
	at org.springframework.beans.factory.support.ConstructorResolver.instantiate(ConstructorResolver.java:653) ~[spring-beans-5.3.20.jar:5.3.20]
	at org.springframework.beans.factory.support.ConstructorResolver.instantiateUsingFactoryMethod(ConstructorResolver.java:638) ~[spring-beans-5.3.20.jar:5.3.20]
	at org.springframework.beans.factory.support.AbstractAutowireCapableBeanFactory.instantiateUsingFactoryMethod(AbstractAutowireCapableBeanFactory.java:1352) ~[spring-beans-5.3.20.jar:5.3.20]
	at org.springframework.beans.factory.support.AbstractAutowireCapableBeanFactory.createBeanInstance(AbstractAutowireCapableBeanFactory.java:1195) ~[spring-beans-5.3.20.jar:5.3.20]
	at org.springframework.beans.factory.support.AbstractAutowireCapableBeanFactory.doCreateBean(AbstractAutowireCapableBeanFactory.java:582) ~[spring-beans-5.3.20.jar:5.3.20]
	at org.springframework.beans.factory.support.AbstractAutowireCapableBeanFactory.createBean(AbstractAutowireCapableBeanFactory.java:542) ~[spring-beans-5.3.20.jar:5.3.20]
	at org.springframework.beans.factory.support.AbstractBeanFactory.lambda$doGetBean$0(AbstractBeanFactory.java:335) ~[spring-beans-5.3.20.jar:5.3.20]
	at org.springframework.beans.factory.support.DefaultSingletonBeanRegistry.getSingleton(DefaultSingletonBeanRegistry.java:234) ~[spring-beans-5.3.20.jar:5.3.20]
	at org.springframework.beans.factory.support.AbstractBeanFactory.doGetBean(AbstractBeanFactory.java:333) ~[spring-beans-5.3.20.jar:5.3.20]
	at org.springframework.beans.factory.support.AbstractBeanFactory.getBean(AbstractBeanFactory.java:233) ~[spring-beans-5.3.20.jar:5.3.20]
	at org.springframework.beans.factory.support.DefaultListableBeanFactory.resolveNamedBean(DefaultListableBeanFactory.java:1282) ~[spring-beans-5.3.20.jar:5.3.20]
	at org.springframework.beans.factory.support.DefaultListableBeanFactory.resolveNamedBean(DefaultListableBeanFactory.java:1243) ~[spring-beans-5.3.20.jar:5.3.20]
	at org.springframework.beans.factory.support.DefaultListableBeanFactory.resolveBean(DefaultListableBeanFactory.java:494) ~[spring-beans-5.3.20.jar:5.3.20]
	at org.springframework.beans.factory.support.DefaultListableBeanFactory.getBean(DefaultListableBeanFactory.java:349) ~[spring-beans-5.3.20.jar:5.3.20]
	at org.springframework.beans.factory.support.DefaultListableBeanFactory.getBean(DefaultListableBeanFactory.java:342) ~[spring-beans-5.3.20.jar:5.3.20]
	at org.springframework.context.support.AbstractApplicationContext.getBean(AbstractApplicationContext.java:1172) ~[spring-context-5.3.20.jar:5.3.20]
	at org.springframework.data.jdbc.repository.config.AbstractJdbcConfiguration.jdbcCustomConversions(AbstractJdbcConfiguration.java:117) ~[spring-data-jdbc-2.4.0.jar:2.4.0]
	at jdk.internal.reflect.DirectMethodHandleAccessor.invoke(DirectMethodHandleAccessor.java:104) ~[?:?]
	at java.lang.reflect.Method.invoke(Method.java:577) ~[?:?]
	at org.springframework.beans.factory.support.SimpleInstantiationStrategy.instantiate(SimpleInstantiationStrategy.java:154) ~[spring-beans-5.3.20.jar:5.3.20]
	at org.springframework.beans.factory.support.ConstructorResolver.instantiate(ConstructorResolver.java:653) ~[spring-beans-5.3.20.jar:5.3.20]
	at org.springframework.beans.factory.support.ConstructorResolver.instantiateUsingFactoryMethod(ConstructorResolver.java:486) ~[spring-beans-5.3.20.jar:5.3.20]
	at org.springframework.beans.factory.support.AbstractAutowireCapableBeanFactory.instantiateUsingFactoryMethod(AbstractAutowireCapableBeanFactory.java:1352) ~[spring-beans-5.3.20.jar:5.3.20]
	at org.springframework.beans.factory.support.AbstractAutowireCapableBeanFactory.createBeanInstance(AbstractAutowireCapableBeanFactory.java:1195) ~[spring-beans-5.3.20.jar:5.3.20]
	at org.springframework.beans.factory.support.AbstractAutowireCapableBeanFactory.doCreateBean(AbstractAutowireCapableBeanFactory.java:582) ~[spring-beans-5.3.20.jar:5.3.20]
	at org.springframework.beans.factory.support.AbstractAutowireCapableBeanFactory.createBean(AbstractAutowireCapableBeanFactory.java:542) ~[spring-beans-5.3.20.jar:5.3.20]
	at org.springframework.beans.factory.support.AbstractBeanFactory.lambda$doGetBean$0(AbstractBeanFactory.java:335) ~[spring-beans-5.3.20.jar:5.3.20]
	at org.springframework.beans.factory.support.DefaultSingletonBeanRegistry.getSingleton(DefaultSingletonBeanRegistry.java:234) ~[spring-beans-5.3.20.jar:5.3.20]
	at org.springframework.beans.factory.support.AbstractBeanFactory.doGetBean(AbstractBeanFactory.java:333) ~[spring-beans-5.3.20.jar:5.3.20]
	at org.springframework.beans.factory.support.AbstractBeanFactory.getBean(AbstractBeanFactory.java:208) ~[spring-beans-5.3.20.jar:5.3.20]
	at org.springframework.beans.factory.config.DependencyDescriptor.resolveCandidate(DependencyDescriptor.java:276) ~[spring-beans-5.3.20.jar:5.3.20]
	at org.springframework.beans.factory.support.DefaultListableBeanFactory.doResolveDependency(DefaultListableBeanFactory.java:1389) ~[spring-beans-5.3.20.jar:5.3.20]
	at org.springframework.beans.factory.support.DefaultListableBeanFactory.resolveDependency(DefaultListableBeanFactory.java:1309) ~[spring-beans-5.3.20.jar:5.3.20]
	at org.springframework.beans.factory.support.ConstructorResolver.resolveAutowiredArgument(ConstructorResolver.java:887) ~[spring-beans-5.3.20.jar:5.3.20]
	at org.springframework.beans.factory.support.ConstructorResolver.createArgumentArray(ConstructorResolver.java:791) ~[spring-beans-5.3.20.jar:5.3.20]
	at org.springframework.beans.factory.support.ConstructorResolver.instantiateUsingFactoryMethod(ConstructorResolver.java:541) ~[spring-beans-5.3.20.jar:5.3.20]
	at org.springframework.beans.factory.support.AbstractAutowireCapableBeanFactory.instantiateUsingFactoryMethod(AbstractAutowireCapableBeanFactory.java:1352) ~[spring-beans-5.3.20.jar:5.3.20]
	at org.springframework.beans.factory.support.AbstractAutowireCapableBeanFactory.createBeanInstance(AbstractAutowireCapableBeanFactory.java:1195) ~[spring-beans-5.3.20.jar:5.3.20]
	at org.springframework.beans.factory.support.AbstractAutowireCapableBeanFactory.doCreateBean(AbstractAutowireCapableBeanFactory.java:582) ~[spring-beans-5.3.20.jar:5.3.20]
	at org.springframework.beans.factory.support.AbstractAutowireCapableBeanFactory.createBean(AbstractAutowireCapableBeanFactory.java:542) ~[spring-beans-5.3.20.jar:5.3.20]
	at org.springframework.beans.factory.support.AbstractBeanFactory.lambda$doGetBean$0(AbstractBeanFactory.java:335) ~[spring-beans-5.3.20.jar:5.3.20]
	at org.springframework.beans.factory.support.DefaultSingletonBeanRegistry.getSingleton(DefaultSingletonBeanRegistry.java:234) ~[spring-beans-5.3.20.jar:5.3.20]
	at org.springframework.beans.factory.support.AbstractBeanFactory.doGetBean(AbstractBeanFactory.java:333) ~[spring-beans-5.3.20.jar:5.3.20]
	at org.springframework.beans.factory.support.AbstractBeanFactory.getBean(AbstractBeanFactory.java:208) ~[spring-beans-5.3.20.jar:5.3.20]
	at org.springframework.beans.factory.support.DefaultListableBeanFactory.preInstantiateSingletons(DefaultListableBeanFactory.java:953) ~[spring-beans-5.3.20.jar:5.3.20]
	at org.springframework.context.support.AbstractApplicationContext.finishBeanFactoryInitialization(AbstractApplicationContext.java:918) ~[spring-context-5.3.20.jar:5.3.20]
	at org.springframework.context.support.AbstractApplicationContext.refresh(AbstractApplicationContext.java:583) ~[spring-context-5.3.20.jar:5.3.20]
	at org.springframework.boot.SpringApplication.refresh(SpringApplication.java:734) ~[spring-boot-2.7.0.jar:2.7.0]
	at org.springframework.boot.SpringApplication.refreshContext(SpringApplication.java:408) ~[spring-boot-2.7.0.jar:2.7.0]
	at org.springframework.boot.SpringApplication.run(SpringApplication.java:308) ~[spring-boot-2.7.0.jar:2.7.0]
	at org.springframework.boot.test.context.SpringBootContextLoader.loadContext(SpringBootContextLoader.java:132) ~[spring-boot-test-2.7.0.jar:2.7.0]
	at org.springframework.test.context.cache.DefaultCacheAwareContextLoaderDelegate.loadContextInternal(DefaultCacheAwareContextLoaderDelegate.java:99) ~[spring-test-5.3.20.jar:5.3.20]
	at org.springframework.test.context.cache.DefaultCacheAwareContextLoaderDelegate.loadContext(DefaultCacheAwareContextLoaderDelegate.java:124) ~[spring-test-5.3.20.jar:5.3.20]
	at org.springframework.test.context.support.DefaultTestContext.getApplicationContext(DefaultTestContext.java:124) ~[spring-test-5.3.20.jar:5.3.20]
	at org.springframework.test.context.support.DependencyInjectionTestExecutionListener.injectDependencies(DependencyInjectionTestExecutionListener.java:118) ~[spring-test-5.3.20.jar:5.3.20]
	at org.springframework.test.context.support.DependencyInjectionTestExecutionListener.prepareTestInstance(DependencyInjectionTestExecutionListener.java:83) ~[spring-test-5.3.20.jar:5.3.20]
	at org.springframework.boot.test.autoconfigure.SpringBootDependencyInjectionTestExecutionListener.prepareTestInstance(SpringBootDependencyInjectionTestExecutionListener.java:43) ~[spring-boot-test-autoconfigure-2.7.0.jar:2.7.0]
	at org.springframework.test.context.TestContextManager.prepareTestInstance(TestContextManager.java:248) ~[spring-test-5.3.20.jar:5.3.20]
	at org.springframework.test.context.junit.jupiter.SpringExtension.postProcessTestInstance(SpringExtension.java:138) ~[spring-test-5.3.20.jar:5.3.20]
	at org.junit.jupiter.engine.descriptor.ClassBasedTestDescriptor.lambda$invokeTestInstancePostProcessors$8(ClassBasedTestDescriptor.java:363) ~[junit-jupiter-engine-5.8.2.jar:5.8.2]
	at org.junit.jupiter.engine.descriptor.ClassBasedTestDescriptor.executeAndMaskThrowable(ClassBasedTestDescriptor.java:368) ~[junit-jupiter-engine-5.8.2.jar:5.8.2]
	at org.junit.jupiter.engine.descriptor.ClassBasedTestDescriptor.lambda$invokeTestInstancePostProcessors$9(ClassBasedTestDescriptor.java:363) ~[junit-jupiter-engine-5.8.2.jar:5.8.2]
	at java.util.stream.ReferencePipeline$3$1.accept(ReferencePipeline.java:197) ~[?:?]
	at java.util.stream.ReferencePipeline$2$1.accept(ReferencePipeline.java:179) ~[?:?]
	at java.util.ArrayList$ArrayListSpliterator.forEachRemaining(ArrayList.java:1625) ~[?:?]
	at java.util.stream.AbstractPipeline.copyInto(AbstractPipeline.java:509) ~[?:?]
	at java.util.stream.AbstractPipeline.wrapAndCopyInto(AbstractPipeline.java:499) ~[?:?]
	at java.util.stream.StreamSpliterators$WrappingSpliterator.forEachRemaining(StreamSpliterators.java:310) ~[?:?]
	at java.util.stream.Streams$ConcatSpliterator.forEachRemaining(Streams.java:735) ~[?:?]
	at java.util.stream.Streams$ConcatSpliterator.forEachRemaining(Streams.java:734) ~[?:?]
	at java.util.stream.ReferencePipeline$Head.forEach(ReferencePipeline.java:762) ~[?:?]
	at org.junit.jupiter.engine.descriptor.ClassBasedTestDescriptor.invokeTestInstancePostProcessors(ClassBasedTestDescriptor.java:362) ~[junit-jupiter-engine-5.8.2.jar:5.8.2]
	at org.junit.jupiter.engine.descriptor.ClassBasedTestDescriptor.lambda$instantiateAndPostProcessTestInstance$6(ClassBasedTestDescriptor.java:283) ~[junit-jupiter-engine-5.8.2.jar:5.8.2]
	at org.junit.platform.engine.support.hierarchical.ThrowableCollector.execute(ThrowableCollector.java:73) ~[junit-platform-engine-1.8.2.jar:1.8.2]
	at org.junit.jupiter.engine.descriptor.ClassBasedTestDescriptor.instantiateAndPostProcessTestInstance(ClassBasedTestDescriptor.java:282) ~[junit-jupiter-engine-5.8.2.jar:5.8.2]
	at org.junit.jupiter.engine.descriptor.ClassBasedTestDescriptor.lambda$testInstancesProvider$4(ClassBasedTestDescriptor.java:272) ~[junit-jupiter-engine-5.8.2.jar:5.8.2]
	at java.util.Optional.orElseGet(Optional.java:364) ~[?:?]
	at org.junit.jupiter.engine.descriptor.ClassBasedTestDescriptor.lambda$testInstancesProvider$5(ClassBasedTestDescriptor.java:271) ~[junit-jupiter-engine-5.8.2.jar:5.8.2]
	at org.junit.jupiter.engine.execution.TestInstancesProvider.getTestInstances(TestInstancesProvider.java:31) ~[junit-jupiter-engine-5.8.2.jar:5.8.2]
	at org.junit.jupiter.engine.descriptor.TestMethodTestDescriptor.lambda$prepare$0(TestMethodTestDescriptor.java:102) ~[junit-jupiter-engine-5.8.2.jar:5.8.2]
	at org.junit.platform.engine.support.hierarchical.ThrowableCollector.execute(ThrowableCollector.java:73) ~[junit-platform-engine-1.8.2.jar:1.8.2]
	at org.junit.jupiter.engine.descriptor.TestMethodTestDescriptor.prepare(TestMethodTestDescriptor.java:101) ~[junit-jupiter-engine-5.8.2.jar:5.8.2]
	at org.junit.jupiter.engine.descriptor.TestMethodTestDescriptor.prepare(TestMethodTestDescriptor.java:66) ~[junit-jupiter-engine-5.8.2.jar:5.8.2]
	at org.junit.platform.engine.support.hierarchical.NodeTestTask.lambda$prepare$2(NodeTestTask.java:123) ~[junit-platform-engine-1.8.2.jar:1.8.2]
	at org.junit.platform.engine.support.hierarchical.ThrowableCollector.execute(ThrowableCollector.java:73) ~[junit-platform-engine-1.8.2.jar:1.8.2]
	at org.junit.platform.engine.support.hierarchical.NodeTestTask.prepare(NodeTestTask.java:123) ~[junit-platform-engine-1.8.2.jar:1.8.2]
	at org.junit.platform.engine.support.hierarchical.NodeTestTask.execute(NodeTestTask.java:90) ~[junit-platform-engine-1.8.2.jar:1.8.2]
	at java.util.ArrayList.forEach(ArrayList.java:1511) ~[?:?]
	at org.junit.platform.engine.support.hierarchical.SameThreadHierarchicalTestExecutorService.invokeAll(SameThreadHierarchicalTestExecutorService.java:41) ~[junit-platform-engine-1.8.2.jar:1.8.2]
	at org.junit.platform.engine.support.hierarchical.NodeTestTask.lambda$executeRecursively$6(NodeTestTask.java:155) ~[junit-platform-engine-1.8.2.jar:1.8.2]
	at org.junit.platform.engine.support.hierarchical.ThrowableCollector.execute(ThrowableCollector.java:73) ~[junit-platform-engine-1.8.2.jar:1.8.2]
	at org.junit.platform.engine.support.hierarchical.NodeTestTask.lambda$executeRecursively$8(NodeTestTask.java:141) ~[junit-platform-engine-1.8.2.jar:1.8.2]
	at org.junit.platform.engine.support.hierarchical.Node.around(Node.java:137) ~[junit-platform-engine-1.8.2.jar:1.8.2]
	at org.junit.platform.engine.support.hierarchical.NodeTestTask.lambda$executeRecursively$9(NodeTestTask.java:139) ~[junit-platform-engine-1.8.2.jar:1.8.2]
	at org.junit.platform.engine.support.hierarchical.ThrowableCollector.execute(ThrowableCollector.java:73) ~[junit-platform-engine-1.8.2.jar:1.8.2]
	at org.junit.platform.engine.support.hierarchical.NodeTestTask.executeRecursively(NodeTestTask.java:138) ~[junit-platform-engine-1.8.2.jar:1.8.2]
	at org.junit.platform.engine.support.hierarchical.NodeTestTask.execute(NodeTestTask.java:95) ~[junit-platform-engine-1.8.2.jar:1.8.2]
	at java.util.ArrayList.forEach(ArrayList.java:1511) ~[?:?]
	at org.junit.platform.engine.support.hierarchical.SameThreadHierarchicalTestExecutorService.invokeAll(SameThreadHierarchicalTestExecutorService.java:41) ~[junit-platform-engine-1.8.2.jar:1.8.2]
	at org.junit.platform.engine.support.hierarchical.NodeTestTask.lambda$executeRecursively$6(NodeTestTask.java:155) ~[junit-platform-engine-1.8.2.jar:1.8.2]
	at org.junit.platform.engine.support.hierarchical.ThrowableCollector.execute(ThrowableCollector.java:73) ~[junit-platform-engine-1.8.2.jar:1.8.2]
	at org.junit.platform.engine.support.hierarchical.NodeTestTask.lambda$executeRecursively$8(NodeTestTask.java:141) ~[junit-platform-engine-1.8.2.jar:1.8.2]
	at org.junit.platform.engine.support.hierarchical.Node.around(Node.java:137) ~[junit-platform-engine-1.8.2.jar:1.8.2]
	at org.junit.platform.engine.support.hierarchical.NodeTestTask.lambda$executeRecursively$9(NodeTestTask.java:139) ~[junit-platform-engine-1.8.2.jar:1.8.2]
	at org.junit.platform.engine.support.hierarchical.ThrowableCollector.execute(ThrowableCollector.java:73) ~[junit-platform-engine-1.8.2.jar:1.8.2]
	at org.junit.platform.engine.support.hierarchical.NodeTestTask.executeRecursively(NodeTestTask.java:138) ~[junit-platform-engine-1.8.2.jar:1.8.2]
	at org.junit.platform.engine.support.hierarchical.NodeTestTask.execute(NodeTestTask.java:95) ~[junit-platform-engine-1.8.2.jar:1.8.2]
	at org.junit.platform.engine.support.hierarchical.SameThreadHierarchicalTestExecutorService.submit(SameThreadHierarchicalTestExecutorService.java:35) ~[junit-platform-engine-1.8.2.jar:1.8.2]
	at org.junit.platform.engine.support.hierarchical.HierarchicalTestExecutor.execute(HierarchicalTestExecutor.java:57) ~[junit-platform-engine-1.8.2.jar:1.8.2]
	at org.junit.platform.engine.support.hierarchical.HierarchicalTestEngine.execute(HierarchicalTestEngine.java:54) ~[junit-platform-engine-1.8.2.jar:1.8.2]
	at org.junit.platform.launcher.core.DefaultLauncher.execute(DefaultLauncher.java:220) ~[junit-platform-launcher-1.3.1.jar:1.3.1]
	at org.junit.platform.launcher.core.DefaultLauncher.lambda$execute$6(DefaultLauncher.java:188) ~[junit-platform-launcher-1.3.1.jar:1.3.1]
	at org.junit.platform.launcher.core.DefaultLauncher.withInterceptedStreams(DefaultLauncher.java:202) ~[junit-platform-launcher-1.3.1.jar:1.3.1]
	at org.junit.platform.launcher.core.DefaultLauncher.execute(DefaultLauncher.java:181) ~[junit-platform-launcher-1.3.1.jar:1.3.1]
	at org.junit.platform.launcher.core.DefaultLauncher.execute(DefaultLauncher.java:128) ~[junit-platform-launcher-1.3.1.jar:1.3.1]
	at org.apache.maven.surefire.junitplatform.JUnitPlatformProvider.invokeAllTests(JUnitPlatformProvider.java:150) ~[surefire-junit-platform-2.22.2.jar:2.22.2]
	at org.apache.maven.surefire.junitplatform.JUnitPlatformProvider.invoke(JUnitPlatformProvider.java:124) ~[surefire-junit-platform-2.22.2.jar:2.22.2]
	at org.apache.maven.surefire.booter.ForkedBooter.invokeProviderInSameClassLoader(ForkedBooter.java:384) ~[surefire-booter-2.22.2.jar:2.22.2]
	at org.apache.maven.surefire.booter.ForkedBooter.runSuitesInProcess(ForkedBooter.java:345) ~[surefire-booter-2.22.2.jar:2.22.2]
	at org.apache.maven.surefire.booter.ForkedBooter.execute(ForkedBooter.java:126) ~[surefire-booter-2.22.2.jar:2.22.2]
	at org.apache.maven.surefire.booter.ForkedBooter.main(ForkedBooter.java:418) ~[surefire-booter-2.22.2.jar:2.22.2]
Caused by: oracle.net.ns.NetException: The Network Adapter could not establish the connection
	at oracle.net.nt.ConnStrategy.execute(ConnStrategy.java:571) ~[ojdbc8-19.3.0.0.jar:19.3.0.0.0]
	at oracle.net.resolver.AddrResolution.resolveAndExecute(AddrResolution.java:548) ~[ojdbc8-19.3.0.0.jar:19.3.0.0.0]
	at oracle.net.ns.NSProtocol.establishConnection(NSProtocol.java:682) ~[ojdbc8-19.3.0.0.jar:19.3.0.0.0]
	at oracle.net.ns.NSProtocol.connect(NSProtocol.java:309) ~[ojdbc8-19.3.0.0.jar:19.3.0.0.0]
	at oracle.jdbc.driver.T4CConnection.connect(T4CConnection.java:1596) ~[ojdbc8-19.3.0.0.jar:19.3.0.0.0]
	at oracle.jdbc.driver.T4CConnection.logon(T4CConnection.java:588) ~[ojdbc8-19.3.0.0.jar:19.3.0.0.0]
	... 152 more
Caused by: java.io.IOException: Connection timed out: connect, socket connect lapse 21065 ms. /10.0.20.38 1521 30000 1 true
	at oracle.net.nt.TcpNTAdapter.connect(TcpNTAdapter.java:233) ~[ojdbc8-19.3.0.0.jar:19.3.0.0.0]
	at oracle.net.nt.ConnOption.connect(ConnOption.java:174) ~[ojdbc8-19.3.0.0.jar:19.3.0.0.0]
	at oracle.net.nt.ConnStrategy.execute(ConnStrategy.java:510) ~[ojdbc8-19.3.0.0.jar:19.3.0.0.0]
	at oracle.net.resolver.AddrResolution.resolveAndExecute(AddrResolution.java:548) ~[ojdbc8-19.3.0.0.jar:19.3.0.0.0]
	at oracle.net.ns.NSProtocol.establishConnection(NSProtocol.java:682) ~[ojdbc8-19.3.0.0.jar:19.3.0.0.0]
	at oracle.net.ns.NSProtocol.connect(NSProtocol.java:309) ~[ojdbc8-19.3.0.0.jar:19.3.0.0.0]
	at oracle.jdbc.driver.T4CConnection.connect(T4CConnection.java:1596) ~[ojdbc8-19.3.0.0.jar:19.3.0.0.0]
	at oracle.jdbc.driver.T4CConnection.logon(T4CConnection.java:588) ~[ojdbc8-19.3.0.0.jar:19.3.0.0.0]
	... 152 more
Caused by: java.net.ConnectException: Connection timed out: connect
	at sun.nio.ch.Net.connect0(Native Method) ~[?:?]
	at sun.nio.ch.Net.connect(Net.java:579) ~[?:?]
	at sun.nio.ch.Net.connect(Net.java:586) ~[?:?]
	at sun.nio.ch.SocketChannelImpl.connect(SocketChannelImpl.java:853) ~[?:?]
	at java.nio.channels.SocketChannel.open(SocketChannel.java:285) ~[?:?]
	at oracle.net.nt.TimeoutSocketChannel.connect(TimeoutSocketChannel.java:99) ~[ojdbc8-19.3.0.0.jar:19.3.0.0.0]
	at oracle.net.nt.TimeoutSocketChannel.<init>(TimeoutSocketChannel.java:77) ~[ojdbc8-19.3.0.0.jar:19.3.0.0.0]
	at oracle.net.nt.TcpNTAdapter.connect(TcpNTAdapter.java:192) ~[ojdbc8-19.3.0.0.jar:19.3.0.0.0]
	at oracle.net.nt.ConnOption.connect(ConnOption.java:174) ~[ojdbc8-19.3.0.0.jar:19.3.0.0.0]
	at oracle.net.nt.ConnStrategy.execute(ConnStrategy.java:510) ~[ojdbc8-19.3.0.0.jar:19.3.0.0.0]
	at oracle.net.resolver.AddrResolution.resolveAndExecute(AddrResolution.java:548) ~[ojdbc8-19.3.0.0.jar:19.3.0.0.0]
	at oracle.net.ns.NSProtocol.establishConnection(NSProtocol.java:682) ~[ojdbc8-19.3.0.0.jar:19.3.0.0.0]
	at oracle.net.ns.NSProtocol.connect(NSProtocol.java:309) ~[ojdbc8-19.3.0.0.jar:19.3.0.0.0]
	at oracle.jdbc.driver.T4CConnection.connect(T4CConnection.java:1596) ~[ojdbc8-19.3.0.0.jar:19.3.0.0.0]
	at oracle.jdbc.driver.T4CConnection.logon(T4CConnection.java:588) ~[ojdbc8-19.3.0.0.jar:19.3.0.0.0]
	... 152 more
[DEBUG] 2023-01-23 18:56:11.364 [main] [HikariConfig.attemptFromContextLoader] {} - Driver class oracle.jdbc.OracleDriver found in Thread context class loader jdk.internal.loader.ClassLoaders$AppClassLoader@c387f44
[DEBUG] 2023-01-23 18:56:13.584 [main] [HikariConfig.logConfiguration] {} - HikariPool-2 - configuration:
[DEBUG] 2023-01-23 18:56:13.585 [main] [HikariConfig.logConfiguration] {} - allowPoolSuspension................................false
[DEBUG] 2023-01-23 18:56:13.585 [main] [HikariConfig.logConfiguration] {} - autoCommit................................true
[DEBUG] 2023-01-23 18:56:13.585 [main] [HikariConfig.logConfiguration] {} - catalog................................none
[DEBUG] 2023-01-23 18:56:13.586 [main] [HikariConfig.logConfiguration] {} - connectionInitSql................................none
[DEBUG] 2023-01-23 18:56:13.586 [main] [HikariConfig.logConfiguration] {} - connectionTestQuery................................none
[DEBUG] 2023-01-23 18:56:13.586 [main] [HikariConfig.logConfiguration] {} - connectionTimeout................................30000
[DEBUG] 2023-01-23 18:56:13.586 [main] [HikariConfig.logConfiguration] {} - dataSource................................none
[DEBUG] 2023-01-23 18:56:13.586 [main] [HikariConfig.logConfiguration] {} - dataSourceClassName................................none
[DEBUG] 2023-01-23 18:56:13.587 [main] [HikariConfig.logConfiguration] {} - dataSourceJNDI................................none
[DEBUG] 2023-01-23 18:56:13.587 [main] [HikariConfig.logConfiguration] {} - dataSourceProperties................................{password=<masked>}
[DEBUG] 2023-01-23 18:56:13.587 [main] [HikariConfig.logConfiguration] {} - driverClassName................................"oracle.jdbc.OracleDriver"
[DEBUG] 2023-01-23 18:56:13.587 [main] [HikariConfig.logConfiguration] {} - exceptionOverrideClassName................................none
[DEBUG] 2023-01-23 18:56:13.587 [main] [HikariConfig.logConfiguration] {} - healthCheckProperties................................{}
[DEBUG] 2023-01-23 18:56:13.587 [main] [HikariConfig.logConfiguration] {} - healthCheckRegistry................................none
[DEBUG] 2023-01-23 18:56:13.588 [main] [HikariConfig.logConfiguration] {} - idleTimeout................................600000
[DEBUG] 2023-01-23 18:56:13.588 [main] [HikariConfig.logConfiguration] {} - initializationFailTimeout................................1
[DEBUG] 2023-01-23 18:56:13.588 [main] [HikariConfig.logConfiguration] {} - isolateInternalQueries................................false
[DEBUG] 2023-01-23 18:56:13.588 [main] [HikariConfig.logConfiguration] {} - jdbcUrl................................jdbc:oracle:thin:@10.0.20.38:1521/orclpdb
[DEBUG] 2023-01-23 18:56:13.589 [main] [HikariConfig.logConfiguration] {} - keepaliveTime................................0
[DEBUG] 2023-01-23 18:56:13.589 [main] [HikariConfig.logConfiguration] {} - leakDetectionThreshold................................0
[DEBUG] 2023-01-23 18:56:13.589 [main] [HikariConfig.logConfiguration] {} - maxLifetime................................1800000
[DEBUG] 2023-01-23 18:56:13.589 [main] [HikariConfig.logConfiguration] {} - maximumPoolSize................................10
[DEBUG] 2023-01-23 18:56:13.589 [main] [HikariConfig.logConfiguration] {} - metricRegistry................................none
[DEBUG] 2023-01-23 18:56:13.590 [main] [HikariConfig.logConfiguration] {} - metricsTrackerFactory................................none
[DEBUG] 2023-01-23 18:56:13.590 [main] [HikariConfig.logConfiguration] {} - minimumIdle................................10
[DEBUG] 2023-01-23 18:56:13.590 [main] [HikariConfig.logConfiguration] {} - password................................<masked>
[DEBUG] 2023-01-23 18:56:13.590 [main] [HikariConfig.logConfiguration] {} - poolName................................"HikariPool-2"
[DEBUG] 2023-01-23 18:56:13.590 [main] [HikariConfig.logConfiguration] {} - readOnly................................false
[DEBUG] 2023-01-23 18:56:13.591 [main] [HikariConfig.logConfiguration] {} - registerMbeans................................false
[DEBUG] 2023-01-23 18:56:13.591 [main] [HikariConfig.logConfiguration] {} - scheduledExecutor................................none
[DEBUG] 2023-01-23 18:56:13.591 [main] [HikariConfig.logConfiguration] {} - schema................................none
[DEBUG] 2023-01-23 18:56:13.591 [main] [HikariConfig.logConfiguration] {} - threadFactory................................internal
[DEBUG] 2023-01-23 18:56:13.591 [main] [HikariConfig.logConfiguration] {} - transactionIsolation................................default
[DEBUG] 2023-01-23 18:56:13.592 [main] [HikariConfig.logConfiguration] {} - username................................"DAILY_APP"
[DEBUG] 2023-01-23 18:56:13.592 [main] [HikariConfig.logConfiguration] {} - validationTimeout................................5000
[INFO ] 2023-01-23 18:56:13.592 [main] [HikariDataSource.getConnection] {} - HikariPool-2 - Starting...
[DEBUG] 2023-01-23 18:56:14.208 [main] [HikariPool.checkFailFast] {} - HikariPool-2 - Added connection oracle.jdbc.driver.T4CConnection@44a14de0
[INFO ] 2023-01-23 18:56:14.209 [main] [HikariDataSource.getConnection] {} - HikariPool-2 - Start completed.
[DEBUG] 2023-01-23 18:56:14.318 [HikariPool-2 housekeeper] [HikariPool.logPoolState] {} - HikariPool-2 - Pool stats (total=1, active=0, idle=1, waiting=0)
[DEBUG] 2023-01-23 18:56:14.646 [HikariPool-2 connection adder] [HikariPool$PoolEntryCreator.call] {} - HikariPool-2 - Added connection oracle.jdbc.driver.T4CConnection@4e92cef
[DEBUG] 2023-01-23 18:56:14.981 [HikariPool-2 connection adder] [HikariPool$PoolEntryCreator.call] {} - HikariPool-2 - Added connection oracle.jdbc.driver.T4CConnection@39188db7
[DEBUG] 2023-01-23 18:56:15.316 [HikariPool-2 connection adder] [HikariPool$PoolEntryCreator.call] {} - HikariPool-2 - Added connection oracle.jdbc.driver.T4CConnection@417db5e6
[DEBUG] 2023-01-23 18:56:15.659 [HikariPool-2 connection adder] [HikariPool$PoolEntryCreator.call] {} - HikariPool-2 - Added connection oracle.jdbc.driver.T4CConnection@58f39da6
[DEBUG] 2023-01-23 18:56:15.993 [HikariPool-2 connection adder] [HikariPool$PoolEntryCreator.call] {} - HikariPool-2 - Added connection oracle.jdbc.driver.T4CConnection@5a79bd0c
[INFO ] 2023-01-23 18:56:16.226 [SpringApplicationShutdownHook] [HikariDataSource.close] {} - HikariPool-2 - Shutdown initiated...
[DEBUG] 2023-01-23 18:56:16.226 [SpringApplicationShutdownHook] [HikariPool.logPoolState] {} - HikariPool-2 - Before shutdown stats (total=6, active=0, idle=6, waiting=0)
[DEBUG] 2023-01-23 18:56:16.233 [HikariPool-2 connection closer] [PoolBase.quietlyCloseConnection] {} - HikariPool-2 - Closing connection oracle.jdbc.driver.T4CConnection@44a14de0: (connection evicted)
[DEBUG] 2023-01-23 18:56:16.267 [HikariPool-2 connection closer] [PoolBase.quietlyCloseConnection] {} - HikariPool-2 - Closing connection oracle.jdbc.driver.T4CConnection@4e92cef: (connection evicted)
[DEBUG] 2023-01-23 18:56:16.303 [HikariPool-2 connection closer] [PoolBase.quietlyCloseConnection] {} - HikariPool-2 - Closing connection oracle.jdbc.driver.T4CConnection@39188db7: (connection evicted)
[DEBUG] 2023-01-23 18:56:16.341 [HikariPool-2 connection closer] [PoolBase.quietlyCloseConnection] {} - HikariPool-2 - Closing connection oracle.jdbc.driver.T4CConnection@417db5e6: (connection evicted)
[DEBUG] 2023-01-23 18:56:16.359 [HikariPool-2 connection adder] [HikariPool$PoolEntryCreator.call] {} - HikariPool-2 - Added connection oracle.jdbc.driver.T4CConnection@656f27e4
[DEBUG] 2023-01-23 18:56:16.375 [HikariPool-2 connection closer] [PoolBase.quietlyCloseConnection] {} - HikariPool-2 - Closing connection oracle.jdbc.driver.T4CConnection@58f39da6: (connection evicted)
[DEBUG] 2023-01-23 18:56:16.405 [HikariPool-2 connection closer] [PoolBase.quietlyCloseConnection] {} - HikariPool-2 - Closing connection oracle.jdbc.driver.T4CConnection@5a79bd0c: (connection evicted)
[DEBUG] 2023-01-23 18:56:16.435 [HikariPool-2 connection closer] [PoolBase.quietlyCloseConnection] {} - HikariPool-2 - Closing connection oracle.jdbc.driver.T4CConnection@656f27e4: (connection evicted)
[DEBUG] 2023-01-23 18:56:16.467 [SpringApplicationShutdownHook] [HikariPool.logPoolState] {} - HikariPool-2 - After shutdown stats (total=0, active=0, idle=0, waiting=0)
[INFO ] 2023-01-23 18:56:16.467 [SpringApplicationShutdownHook] [HikariDataSource.close] {} - HikariPool-2 - Shutdown completed.
