[ERROR] 2023-01-19 19:00:40.480 [main] [SpringApplication.reportFailure] {} - Application run failed
java.lang.IllegalStateException: Could not locate PropertySource and the fail fast property is set, failing
	at org.springframework.cloud.config.client.ConfigServicePropertySourceLocator.locate(ConfigServicePropertySourceLocator.java:148) ~[spring-cloud-config-client-3.1.2.jar:3.1.2]
	at org.springframework.cloud.bootstrap.config.PropertySourceLocator.locateCollection(PropertySourceLocator.java:51) ~[spring-cloud-context-3.1.2.jar:3.1.2]
	at org.springframework.cloud.config.client.ConfigServicePropertySourceLocator.locateCollection(ConfigServicePropertySourceLocator.java:160) ~[spring-cloud-config-client-3.1.2.jar:3.1.2]
	at org.springframework.cloud.bootstrap.config.PropertySourceBootstrapConfiguration.initialize(PropertySourceBootstrapConfiguration.java:95) ~[spring-cloud-context-3.1.2.jar:3.1.2]
	at org.springframework.boot.SpringApplication.applyInitializers(SpringApplication.java:607) ~[spring-boot-2.7.0.jar:2.7.0]
	at org.springframework.boot.SpringApplication.prepareContext(SpringApplication.java:373) ~[spring-boot-2.7.0.jar:2.7.0]
	at org.springframework.boot.SpringApplication.run(SpringApplication.java:307) ~[spring-boot-2.7.0.jar:2.7.0]
	at org.springframework.boot.SpringApplication.run(SpringApplication.java:1306) ~[spring-boot-2.7.0.jar:2.7.0]
	at org.springframework.boot.SpringApplication.run(SpringApplication.java:1295) ~[spring-boot-2.7.0.jar:2.7.0]
	at com.asset.dailyappnotificationservice.DailyAppNotificationServiceApplication.main(DailyAppNotificationServiceApplication.java:10) ~[classes/:?]
Caused by: org.springframework.web.client.ResourceAccessException: I/O error on GET request for "http://daily-config-server:8888/notification-service/qa/testing-phase1": daily-config-server; nested exception is java.net.UnknownHostException: daily-config-server
	at org.springframework.web.client.RestTemplate.doExecute(RestTemplate.java:785) ~[spring-web-5.3.20.jar:5.3.20]
	at org.springframework.web.client.RestTemplate.execute(RestTemplate.java:711) ~[spring-web-5.3.20.jar:5.3.20]
	at org.springframework.web.client.RestTemplate.exchange(RestTemplate.java:602) ~[spring-web-5.3.20.jar:5.3.20]
	at org.springframework.cloud.config.client.ConfigServicePropertySourceLocator.getRemoteEnvironment(ConfigServicePropertySourceLocator.java:255) ~[spring-cloud-config-client-3.1.2.jar:3.1.2]
	at org.springframework.cloud.config.client.ConfigServicePropertySourceLocator.locate(ConfigServicePropertySourceLocator.java:109) ~[spring-cloud-config-client-3.1.2.jar:3.1.2]
	... 9 more
Caused by: java.net.UnknownHostException: daily-config-server
	at sun.nio.ch.NioSocketImpl.connect(NioSocketImpl.java:564) ~[?:?]
	at java.net.Socket.connect(Socket.java:633) ~[?:?]
	at sun.net.NetworkClient.doConnect(NetworkClient.java:178) ~[?:?]
	at sun.net.www.http.HttpClient.openServer(HttpClient.java:498) ~[?:?]
	at sun.net.www.http.HttpClient.openServer(HttpClient.java:603) ~[?:?]
	at sun.net.www.http.HttpClient.<init>(HttpClient.java:246) ~[?:?]
	at sun.net.www.http.HttpClient.New(HttpClient.java:351) ~[?:?]
	at sun.net.www.http.HttpClient.New(HttpClient.java:373) ~[?:?]
	at sun.net.www.protocol.http.HttpURLConnection.getNewHttpClient(HttpURLConnection.java:1309) ~[?:?]
	at sun.net.www.protocol.http.HttpURLConnection.plainConnect0(HttpURLConnection.java:1242) ~[?:?]
	at sun.net.www.protocol.http.HttpURLConnection.plainConnect(HttpURLConnection.java:1128) ~[?:?]
	at sun.net.www.protocol.http.HttpURLConnection.connect(HttpURLConnection.java:1057) ~[?:?]
	at org.springframework.http.client.SimpleBufferingClientHttpRequest.executeInternal(SimpleBufferingClientHttpRequest.java:76) ~[spring-web-5.3.20.jar:5.3.20]
	at org.springframework.http.client.AbstractBufferingClientHttpRequest.executeInternal(AbstractBufferingClientHttpRequest.java:48) ~[spring-web-5.3.20.jar:5.3.20]
	at org.springframework.http.client.AbstractClientHttpRequest.execute(AbstractClientHttpRequest.java:66) ~[spring-web-5.3.20.jar:5.3.20]
	at org.springframework.web.client.RestTemplate.doExecute(RestTemplate.java:776) ~[spring-web-5.3.20.jar:5.3.20]
	at org.springframework.web.client.RestTemplate.execute(RestTemplate.java:711) ~[spring-web-5.3.20.jar:5.3.20]
	at org.springframework.web.client.RestTemplate.exchange(RestTemplate.java:602) ~[spring-web-5.3.20.jar:5.3.20]
	at org.springframework.cloud.config.client.ConfigServicePropertySourceLocator.getRemoteEnvironment(ConfigServicePropertySourceLocator.java:255) ~[spring-cloud-config-client-3.1.2.jar:3.1.2]
	at org.springframework.cloud.config.client.ConfigServicePropertySourceLocator.locate(ConfigServicePropertySourceLocator.java:109) ~[spring-cloud-config-client-3.1.2.jar:3.1.2]
	... 9 more
[ERROR] 2023-01-19 19:01:38.885 [main] [SpringApplication.reportFailure] {} - Application run failed
java.lang.IllegalStateException: Could not locate PropertySource and the fail fast property is set, failing
	at org.springframework.cloud.config.client.ConfigServicePropertySourceLocator.locate(ConfigServicePropertySourceLocator.java:148) ~[spring-cloud-config-client-3.1.2.jar:3.1.2]
	at org.springframework.cloud.bootstrap.config.PropertySourceLocator.locateCollection(PropertySourceLocator.java:51) ~[spring-cloud-context-3.1.2.jar:3.1.2]
	at org.springframework.cloud.config.client.ConfigServicePropertySourceLocator.locateCollection(ConfigServicePropertySourceLocator.java:160) ~[spring-cloud-config-client-3.1.2.jar:3.1.2]
	at org.springframework.cloud.bootstrap.config.PropertySourceBootstrapConfiguration.initialize(PropertySourceBootstrapConfiguration.java:95) ~[spring-cloud-context-3.1.2.jar:3.1.2]
	at org.springframework.boot.SpringApplication.applyInitializers(SpringApplication.java:607) ~[spring-boot-2.7.0.jar:2.7.0]
	at org.springframework.boot.SpringApplication.prepareContext(SpringApplication.java:373) ~[spring-boot-2.7.0.jar:2.7.0]
	at org.springframework.boot.SpringApplication.run(SpringApplication.java:307) ~[spring-boot-2.7.0.jar:2.7.0]
	at org.springframework.boot.SpringApplication.run(SpringApplication.java:1306) ~[spring-boot-2.7.0.jar:2.7.0]
	at org.springframework.boot.SpringApplication.run(SpringApplication.java:1295) ~[spring-boot-2.7.0.jar:2.7.0]
	at com.asset.dailyappnotificationservice.DailyAppNotificationServiceApplication.main(DailyAppNotificationServiceApplication.java:10) ~[classes/:?]
Caused by: org.springframework.web.client.ResourceAccessException: I/O error on GET request for "http://daily-config-server:8888/notification-service/qa/testing-phase1": daily-config-server; nested exception is java.net.UnknownHostException: daily-config-server
	at org.springframework.web.client.RestTemplate.doExecute(RestTemplate.java:785) ~[spring-web-5.3.20.jar:5.3.20]
	at org.springframework.web.client.RestTemplate.execute(RestTemplate.java:711) ~[spring-web-5.3.20.jar:5.3.20]
	at org.springframework.web.client.RestTemplate.exchange(RestTemplate.java:602) ~[spring-web-5.3.20.jar:5.3.20]
	at org.springframework.cloud.config.client.ConfigServicePropertySourceLocator.getRemoteEnvironment(ConfigServicePropertySourceLocator.java:255) ~[spring-cloud-config-client-3.1.2.jar:3.1.2]
	at org.springframework.cloud.config.client.ConfigServicePropertySourceLocator.locate(ConfigServicePropertySourceLocator.java:109) ~[spring-cloud-config-client-3.1.2.jar:3.1.2]
	... 9 more
Caused by: java.net.UnknownHostException: daily-config-server
	at sun.nio.ch.NioSocketImpl.connect(NioSocketImpl.java:564) ~[?:?]
	at java.net.Socket.connect(Socket.java:633) ~[?:?]
	at sun.net.NetworkClient.doConnect(NetworkClient.java:178) ~[?:?]
	at sun.net.www.http.HttpClient.openServer(HttpClient.java:498) ~[?:?]
	at sun.net.www.http.HttpClient.openServer(HttpClient.java:603) ~[?:?]
	at sun.net.www.http.HttpClient.<init>(HttpClient.java:246) ~[?:?]
	at sun.net.www.http.HttpClient.New(HttpClient.java:351) ~[?:?]
	at sun.net.www.http.HttpClient.New(HttpClient.java:373) ~[?:?]
	at sun.net.www.protocol.http.HttpURLConnection.getNewHttpClient(HttpURLConnection.java:1309) ~[?:?]
	at sun.net.www.protocol.http.HttpURLConnection.plainConnect0(HttpURLConnection.java:1242) ~[?:?]
	at sun.net.www.protocol.http.HttpURLConnection.plainConnect(HttpURLConnection.java:1128) ~[?:?]
	at sun.net.www.protocol.http.HttpURLConnection.connect(HttpURLConnection.java:1057) ~[?:?]
	at org.springframework.http.client.SimpleBufferingClientHttpRequest.executeInternal(SimpleBufferingClientHttpRequest.java:76) ~[spring-web-5.3.20.jar:5.3.20]
	at org.springframework.http.client.AbstractBufferingClientHttpRequest.executeInternal(AbstractBufferingClientHttpRequest.java:48) ~[spring-web-5.3.20.jar:5.3.20]
	at org.springframework.http.client.AbstractClientHttpRequest.execute(AbstractClientHttpRequest.java:66) ~[spring-web-5.3.20.jar:5.3.20]
	at org.springframework.web.client.RestTemplate.doExecute(RestTemplate.java:776) ~[spring-web-5.3.20.jar:5.3.20]
	at org.springframework.web.client.RestTemplate.execute(RestTemplate.java:711) ~[spring-web-5.3.20.jar:5.3.20]
	at org.springframework.web.client.RestTemplate.exchange(RestTemplate.java:602) ~[spring-web-5.3.20.jar:5.3.20]
	at org.springframework.cloud.config.client.ConfigServicePropertySourceLocator.getRemoteEnvironment(ConfigServicePropertySourceLocator.java:255) ~[spring-cloud-config-client-3.1.2.jar:3.1.2]
	at org.springframework.cloud.config.client.ConfigServicePropertySourceLocator.locate(ConfigServicePropertySourceLocator.java:109) ~[spring-cloud-config-client-3.1.2.jar:3.1.2]
	... 9 more
[ERROR] 2023-01-19 19:02:17.736 [main] [SpringApplication.reportFailure] {} - Application run failed
java.lang.IllegalStateException: Could not locate PropertySource and the fail fast property is set, failing
	at org.springframework.cloud.config.client.ConfigServicePropertySourceLocator.locate(ConfigServicePropertySourceLocator.java:148) ~[spring-cloud-config-client-3.1.2.jar:3.1.2]
	at org.springframework.cloud.bootstrap.config.PropertySourceLocator.locateCollection(PropertySourceLocator.java:51) ~[spring-cloud-context-3.1.2.jar:3.1.2]
	at org.springframework.cloud.config.client.ConfigServicePropertySourceLocator.locateCollection(ConfigServicePropertySourceLocator.java:160) ~[spring-cloud-config-client-3.1.2.jar:3.1.2]
	at org.springframework.cloud.bootstrap.config.PropertySourceBootstrapConfiguration.initialize(PropertySourceBootstrapConfiguration.java:95) ~[spring-cloud-context-3.1.2.jar:3.1.2]
	at org.springframework.boot.SpringApplication.applyInitializers(SpringApplication.java:607) ~[spring-boot-2.7.0.jar:2.7.0]
	at org.springframework.boot.SpringApplication.prepareContext(SpringApplication.java:373) ~[spring-boot-2.7.0.jar:2.7.0]
	at org.springframework.boot.SpringApplication.run(SpringApplication.java:307) ~[spring-boot-2.7.0.jar:2.7.0]
	at org.springframework.boot.SpringApplication.run(SpringApplication.java:1306) ~[spring-boot-2.7.0.jar:2.7.0]
	at org.springframework.boot.SpringApplication.run(SpringApplication.java:1295) ~[spring-boot-2.7.0.jar:2.7.0]
	at com.asset.dailyappnotificationservice.DailyAppNotificationServiceApplication.main(DailyAppNotificationServiceApplication.java:10) ~[classes/:?]
Caused by: org.springframework.web.client.ResourceAccessException: I/O error on GET request for "http://daily-config-server:8888/notification-service/qa/testing-phase1": daily-config-server; nested exception is java.net.UnknownHostException: daily-config-server
	at org.springframework.web.client.RestTemplate.doExecute(RestTemplate.java:785) ~[spring-web-5.3.20.jar:5.3.20]
	at org.springframework.web.client.RestTemplate.execute(RestTemplate.java:711) ~[spring-web-5.3.20.jar:5.3.20]
	at org.springframework.web.client.RestTemplate.exchange(RestTemplate.java:602) ~[spring-web-5.3.20.jar:5.3.20]
	at org.springframework.cloud.config.client.ConfigServicePropertySourceLocator.getRemoteEnvironment(ConfigServicePropertySourceLocator.java:255) ~[spring-cloud-config-client-3.1.2.jar:3.1.2]
	at org.springframework.cloud.config.client.ConfigServicePropertySourceLocator.locate(ConfigServicePropertySourceLocator.java:109) ~[spring-cloud-config-client-3.1.2.jar:3.1.2]
	... 9 more
Caused by: java.net.UnknownHostException: daily-config-server
	at sun.nio.ch.NioSocketImpl.connect(NioSocketImpl.java:564) ~[?:?]
	at java.net.Socket.connect(Socket.java:633) ~[?:?]
	at sun.net.NetworkClient.doConnect(NetworkClient.java:178) ~[?:?]
	at sun.net.www.http.HttpClient.openServer(HttpClient.java:498) ~[?:?]
	at sun.net.www.http.HttpClient.openServer(HttpClient.java:603) ~[?:?]
	at sun.net.www.http.HttpClient.<init>(HttpClient.java:246) ~[?:?]
	at sun.net.www.http.HttpClient.New(HttpClient.java:351) ~[?:?]
	at sun.net.www.http.HttpClient.New(HttpClient.java:373) ~[?:?]
	at sun.net.www.protocol.http.HttpURLConnection.getNewHttpClient(HttpURLConnection.java:1309) ~[?:?]
	at sun.net.www.protocol.http.HttpURLConnection.plainConnect0(HttpURLConnection.java:1242) ~[?:?]
	at sun.net.www.protocol.http.HttpURLConnection.plainConnect(HttpURLConnection.java:1128) ~[?:?]
	at sun.net.www.protocol.http.HttpURLConnection.connect(HttpURLConnection.java:1057) ~[?:?]
	at org.springframework.http.client.SimpleBufferingClientHttpRequest.executeInternal(SimpleBufferingClientHttpRequest.java:76) ~[spring-web-5.3.20.jar:5.3.20]
	at org.springframework.http.client.AbstractBufferingClientHttpRequest.executeInternal(AbstractBufferingClientHttpRequest.java:48) ~[spring-web-5.3.20.jar:5.3.20]
	at org.springframework.http.client.AbstractClientHttpRequest.execute(AbstractClientHttpRequest.java:66) ~[spring-web-5.3.20.jar:5.3.20]
	at org.springframework.web.client.RestTemplate.doExecute(RestTemplate.java:776) ~[spring-web-5.3.20.jar:5.3.20]
	at org.springframework.web.client.RestTemplate.execute(RestTemplate.java:711) ~[spring-web-5.3.20.jar:5.3.20]
	at org.springframework.web.client.RestTemplate.exchange(RestTemplate.java:602) ~[spring-web-5.3.20.jar:5.3.20]
	at org.springframework.cloud.config.client.ConfigServicePropertySourceLocator.getRemoteEnvironment(ConfigServicePropertySourceLocator.java:255) ~[spring-cloud-config-client-3.1.2.jar:3.1.2]
	at org.springframework.cloud.config.client.ConfigServicePropertySourceLocator.locate(ConfigServicePropertySourceLocator.java:109) ~[spring-cloud-config-client-3.1.2.jar:3.1.2]
	... 9 more
[ERROR] 2023-01-19 19:03:14.327 [main] [SpringApplication.reportFailure] {} - Application run failed
java.lang.IllegalStateException: Could not locate PropertySource and the fail fast property is set, failing
	at org.springframework.cloud.config.client.ConfigServicePropertySourceLocator.locate(ConfigServicePropertySourceLocator.java:148) ~[spring-cloud-config-client-3.1.2.jar:3.1.2]
	at org.springframework.cloud.bootstrap.config.PropertySourceLocator.locateCollection(PropertySourceLocator.java:51) ~[spring-cloud-context-3.1.2.jar:3.1.2]
	at org.springframework.cloud.config.client.ConfigServicePropertySourceLocator.locateCollection(ConfigServicePropertySourceLocator.java:160) ~[spring-cloud-config-client-3.1.2.jar:3.1.2]
	at org.springframework.cloud.bootstrap.config.PropertySourceBootstrapConfiguration.initialize(PropertySourceBootstrapConfiguration.java:95) ~[spring-cloud-context-3.1.2.jar:3.1.2]
	at org.springframework.boot.SpringApplication.applyInitializers(SpringApplication.java:607) ~[spring-boot-2.7.0.jar:2.7.0]
	at org.springframework.boot.SpringApplication.prepareContext(SpringApplication.java:373) ~[spring-boot-2.7.0.jar:2.7.0]
	at org.springframework.boot.SpringApplication.run(SpringApplication.java:307) ~[spring-boot-2.7.0.jar:2.7.0]
	at org.springframework.boot.SpringApplication.run(SpringApplication.java:1306) ~[spring-boot-2.7.0.jar:2.7.0]
	at org.springframework.boot.SpringApplication.run(SpringApplication.java:1295) ~[spring-boot-2.7.0.jar:2.7.0]
	at com.asset.dailyappnotificationservice.DailyAppNotificationServiceApplication.main(DailyAppNotificationServiceApplication.java:10) ~[classes/:?]
Caused by: org.springframework.web.client.ResourceAccessException: I/O error on GET request for "http://daily-config-server:8888/notification-service/qa/testing-phase1": daily-config-server; nested exception is java.net.UnknownHostException: daily-config-server
	at org.springframework.web.client.RestTemplate.doExecute(RestTemplate.java:785) ~[spring-web-5.3.20.jar:5.3.20]
	at org.springframework.web.client.RestTemplate.execute(RestTemplate.java:711) ~[spring-web-5.3.20.jar:5.3.20]
	at org.springframework.web.client.RestTemplate.exchange(RestTemplate.java:602) ~[spring-web-5.3.20.jar:5.3.20]
	at org.springframework.cloud.config.client.ConfigServicePropertySourceLocator.getRemoteEnvironment(ConfigServicePropertySourceLocator.java:255) ~[spring-cloud-config-client-3.1.2.jar:3.1.2]
	at org.springframework.cloud.config.client.ConfigServicePropertySourceLocator.locate(ConfigServicePropertySourceLocator.java:109) ~[spring-cloud-config-client-3.1.2.jar:3.1.2]
	... 9 more
Caused by: java.net.UnknownHostException: daily-config-server
	at sun.nio.ch.NioSocketImpl.connect(NioSocketImpl.java:564) ~[?:?]
	at java.net.Socket.connect(Socket.java:633) ~[?:?]
	at sun.net.NetworkClient.doConnect(NetworkClient.java:178) ~[?:?]
	at sun.net.www.http.HttpClient.openServer(HttpClient.java:498) ~[?:?]
	at sun.net.www.http.HttpClient.openServer(HttpClient.java:603) ~[?:?]
	at sun.net.www.http.HttpClient.<init>(HttpClient.java:246) ~[?:?]
	at sun.net.www.http.HttpClient.New(HttpClient.java:351) ~[?:?]
	at sun.net.www.http.HttpClient.New(HttpClient.java:373) ~[?:?]
	at sun.net.www.protocol.http.HttpURLConnection.getNewHttpClient(HttpURLConnection.java:1309) ~[?:?]
	at sun.net.www.protocol.http.HttpURLConnection.plainConnect0(HttpURLConnection.java:1242) ~[?:?]
	at sun.net.www.protocol.http.HttpURLConnection.plainConnect(HttpURLConnection.java:1128) ~[?:?]
	at sun.net.www.protocol.http.HttpURLConnection.connect(HttpURLConnection.java:1057) ~[?:?]
	at org.springframework.http.client.SimpleBufferingClientHttpRequest.executeInternal(SimpleBufferingClientHttpRequest.java:76) ~[spring-web-5.3.20.jar:5.3.20]
	at org.springframework.http.client.AbstractBufferingClientHttpRequest.executeInternal(AbstractBufferingClientHttpRequest.java:48) ~[spring-web-5.3.20.jar:5.3.20]
	at org.springframework.http.client.AbstractClientHttpRequest.execute(AbstractClientHttpRequest.java:66) ~[spring-web-5.3.20.jar:5.3.20]
	at org.springframework.web.client.RestTemplate.doExecute(RestTemplate.java:776) ~[spring-web-5.3.20.jar:5.3.20]
	at org.springframework.web.client.RestTemplate.execute(RestTemplate.java:711) ~[spring-web-5.3.20.jar:5.3.20]
	at org.springframework.web.client.RestTemplate.exchange(RestTemplate.java:602) ~[spring-web-5.3.20.jar:5.3.20]
	at org.springframework.cloud.config.client.ConfigServicePropertySourceLocator.getRemoteEnvironment(ConfigServicePropertySourceLocator.java:255) ~[spring-cloud-config-client-3.1.2.jar:3.1.2]
	at org.springframework.cloud.config.client.ConfigServicePropertySourceLocator.locate(ConfigServicePropertySourceLocator.java:109) ~[spring-cloud-config-client-3.1.2.jar:3.1.2]
	... 9 more
[ERROR] 2023-01-19 19:04:12.973 [main] [SpringApplication.reportFailure] {} - Application run failed
java.lang.IllegalStateException: Could not locate PropertySource and the fail fast property is set, failing
	at org.springframework.cloud.config.client.ConfigServicePropertySourceLocator.locate(ConfigServicePropertySourceLocator.java:148) ~[spring-cloud-config-client-3.1.2.jar:3.1.2]
	at org.springframework.cloud.bootstrap.config.PropertySourceLocator.locateCollection(PropertySourceLocator.java:51) ~[spring-cloud-context-3.1.2.jar:3.1.2]
	at org.springframework.cloud.config.client.ConfigServicePropertySourceLocator.locateCollection(ConfigServicePropertySourceLocator.java:160) ~[spring-cloud-config-client-3.1.2.jar:3.1.2]
	at org.springframework.cloud.bootstrap.config.PropertySourceBootstrapConfiguration.initialize(PropertySourceBootstrapConfiguration.java:95) ~[spring-cloud-context-3.1.2.jar:3.1.2]
	at org.springframework.boot.SpringApplication.applyInitializers(SpringApplication.java:607) ~[spring-boot-2.7.0.jar:2.7.0]
	at org.springframework.boot.SpringApplication.prepareContext(SpringApplication.java:373) ~[spring-boot-2.7.0.jar:2.7.0]
	at org.springframework.boot.SpringApplication.run(SpringApplication.java:307) ~[spring-boot-2.7.0.jar:2.7.0]
	at org.springframework.boot.SpringApplication.run(SpringApplication.java:1306) ~[spring-boot-2.7.0.jar:2.7.0]
	at org.springframework.boot.SpringApplication.run(SpringApplication.java:1295) ~[spring-boot-2.7.0.jar:2.7.0]
	at com.asset.dailyappnotificationservice.DailyAppNotificationServiceApplication.main(DailyAppNotificationServiceApplication.java:10) ~[classes/:?]
Caused by: org.springframework.web.client.ResourceAccessException: I/O error on GET request for "http://daily-config-server:8888/notification-service/qa/testing-phase1": daily-config-server; nested exception is java.net.UnknownHostException: daily-config-server
	at org.springframework.web.client.RestTemplate.doExecute(RestTemplate.java:785) ~[spring-web-5.3.20.jar:5.3.20]
	at org.springframework.web.client.RestTemplate.execute(RestTemplate.java:711) ~[spring-web-5.3.20.jar:5.3.20]
	at org.springframework.web.client.RestTemplate.exchange(RestTemplate.java:602) ~[spring-web-5.3.20.jar:5.3.20]
	at org.springframework.cloud.config.client.ConfigServicePropertySourceLocator.getRemoteEnvironment(ConfigServicePropertySourceLocator.java:255) ~[spring-cloud-config-client-3.1.2.jar:3.1.2]
	at org.springframework.cloud.config.client.ConfigServicePropertySourceLocator.locate(ConfigServicePropertySourceLocator.java:109) ~[spring-cloud-config-client-3.1.2.jar:3.1.2]
	... 9 more
Caused by: java.net.UnknownHostException: daily-config-server
	at sun.nio.ch.NioSocketImpl.connect(NioSocketImpl.java:564) ~[?:?]
	at java.net.Socket.connect(Socket.java:633) ~[?:?]
	at sun.net.NetworkClient.doConnect(NetworkClient.java:178) ~[?:?]
	at sun.net.www.http.HttpClient.openServer(HttpClient.java:498) ~[?:?]
	at sun.net.www.http.HttpClient.openServer(HttpClient.java:603) ~[?:?]
	at sun.net.www.http.HttpClient.<init>(HttpClient.java:246) ~[?:?]
	at sun.net.www.http.HttpClient.New(HttpClient.java:351) ~[?:?]
	at sun.net.www.http.HttpClient.New(HttpClient.java:373) ~[?:?]
	at sun.net.www.protocol.http.HttpURLConnection.getNewHttpClient(HttpURLConnection.java:1309) ~[?:?]
	at sun.net.www.protocol.http.HttpURLConnection.plainConnect0(HttpURLConnection.java:1242) ~[?:?]
	at sun.net.www.protocol.http.HttpURLConnection.plainConnect(HttpURLConnection.java:1128) ~[?:?]
	at sun.net.www.protocol.http.HttpURLConnection.connect(HttpURLConnection.java:1057) ~[?:?]
	at org.springframework.http.client.SimpleBufferingClientHttpRequest.executeInternal(SimpleBufferingClientHttpRequest.java:76) ~[spring-web-5.3.20.jar:5.3.20]
	at org.springframework.http.client.AbstractBufferingClientHttpRequest.executeInternal(AbstractBufferingClientHttpRequest.java:48) ~[spring-web-5.3.20.jar:5.3.20]
	at org.springframework.http.client.AbstractClientHttpRequest.execute(AbstractClientHttpRequest.java:66) ~[spring-web-5.3.20.jar:5.3.20]
	at org.springframework.web.client.RestTemplate.doExecute(RestTemplate.java:776) ~[spring-web-5.3.20.jar:5.3.20]
	at org.springframework.web.client.RestTemplate.execute(RestTemplate.java:711) ~[spring-web-5.3.20.jar:5.3.20]
	at org.springframework.web.client.RestTemplate.exchange(RestTemplate.java:602) ~[spring-web-5.3.20.jar:5.3.20]
	at org.springframework.cloud.config.client.ConfigServicePropertySourceLocator.getRemoteEnvironment(ConfigServicePropertySourceLocator.java:255) ~[spring-cloud-config-client-3.1.2.jar:3.1.2]
	at org.springframework.cloud.config.client.ConfigServicePropertySourceLocator.locate(ConfigServicePropertySourceLocator.java:109) ~[spring-cloud-config-client-3.1.2.jar:3.1.2]
	... 9 more
[ERROR] 2023-01-19 19:04:51.243 [main] [SpringApplication.reportFailure] {} - Application run failed
java.lang.IllegalStateException: Could not locate PropertySource and the fail fast property is set, failing
	at org.springframework.cloud.config.client.ConfigServicePropertySourceLocator.locate(ConfigServicePropertySourceLocator.java:148) ~[spring-cloud-config-client-3.1.2.jar:3.1.2]
	at org.springframework.cloud.bootstrap.config.PropertySourceLocator.locateCollection(PropertySourceLocator.java:51) ~[spring-cloud-context-3.1.2.jar:3.1.2]
	at org.springframework.cloud.config.client.ConfigServicePropertySourceLocator.locateCollection(ConfigServicePropertySourceLocator.java:160) ~[spring-cloud-config-client-3.1.2.jar:3.1.2]
	at org.springframework.cloud.bootstrap.config.PropertySourceBootstrapConfiguration.initialize(PropertySourceBootstrapConfiguration.java:95) ~[spring-cloud-context-3.1.2.jar:3.1.2]
	at org.springframework.boot.SpringApplication.applyInitializers(SpringApplication.java:607) ~[spring-boot-2.7.0.jar:2.7.0]
	at org.springframework.boot.SpringApplication.prepareContext(SpringApplication.java:373) ~[spring-boot-2.7.0.jar:2.7.0]
	at org.springframework.boot.SpringApplication.run(SpringApplication.java:307) ~[spring-boot-2.7.0.jar:2.7.0]
	at org.springframework.boot.SpringApplication.run(SpringApplication.java:1306) ~[spring-boot-2.7.0.jar:2.7.0]
	at org.springframework.boot.SpringApplication.run(SpringApplication.java:1295) ~[spring-boot-2.7.0.jar:2.7.0]
	at com.asset.dailyappnotificationservice.DailyAppNotificationServiceApplication.main(DailyAppNotificationServiceApplication.java:10) ~[classes/:?]
Caused by: org.springframework.web.client.ResourceAccessException: I/O error on GET request for "http://localhost:8888/notification-service/dev/development-phase1": Connection refused: no further information; nested exception is java.net.ConnectException: Connection refused: no further information
	at org.springframework.web.client.RestTemplate.doExecute(RestTemplate.java:785) ~[spring-web-5.3.20.jar:5.3.20]
	at org.springframework.web.client.RestTemplate.execute(RestTemplate.java:711) ~[spring-web-5.3.20.jar:5.3.20]
	at org.springframework.web.client.RestTemplate.exchange(RestTemplate.java:602) ~[spring-web-5.3.20.jar:5.3.20]
	at org.springframework.cloud.config.client.ConfigServicePropertySourceLocator.getRemoteEnvironment(ConfigServicePropertySourceLocator.java:255) ~[spring-cloud-config-client-3.1.2.jar:3.1.2]
	at org.springframework.cloud.config.client.ConfigServicePropertySourceLocator.locate(ConfigServicePropertySourceLocator.java:109) ~[spring-cloud-config-client-3.1.2.jar:3.1.2]
	... 9 more
Caused by: java.net.ConnectException: Connection refused: no further information
	at sun.nio.ch.Net.pollConnect(Native Method) ~[?:?]
	at sun.nio.ch.Net.pollConnectNow(Net.java:672) ~[?:?]
	at sun.nio.ch.NioSocketImpl.timedFinishConnect(NioSocketImpl.java:539) ~[?:?]
	at sun.nio.ch.NioSocketImpl.connect(NioSocketImpl.java:594) ~[?:?]
	at java.net.Socket.connect(Socket.java:633) ~[?:?]
	at sun.net.NetworkClient.doConnect(NetworkClient.java:178) ~[?:?]
	at sun.net.www.http.HttpClient.openServer(HttpClient.java:498) ~[?:?]
	at sun.net.www.http.HttpClient.openServer(HttpClient.java:603) ~[?:?]
	at sun.net.www.http.HttpClient.<init>(HttpClient.java:246) ~[?:?]
	at sun.net.www.http.HttpClient.New(HttpClient.java:351) ~[?:?]
	at sun.net.www.http.HttpClient.New(HttpClient.java:373) ~[?:?]
	at sun.net.www.protocol.http.HttpURLConnection.getNewHttpClient(HttpURLConnection.java:1309) ~[?:?]
	at sun.net.www.protocol.http.HttpURLConnection.plainConnect0(HttpURLConnection.java:1242) ~[?:?]
	at sun.net.www.protocol.http.HttpURLConnection.plainConnect(HttpURLConnection.java:1128) ~[?:?]
	at sun.net.www.protocol.http.HttpURLConnection.connect(HttpURLConnection.java:1057) ~[?:?]
	at org.springframework.http.client.SimpleBufferingClientHttpRequest.executeInternal(SimpleBufferingClientHttpRequest.java:76) ~[spring-web-5.3.20.jar:5.3.20]
	at org.springframework.http.client.AbstractBufferingClientHttpRequest.executeInternal(AbstractBufferingClientHttpRequest.java:48) ~[spring-web-5.3.20.jar:5.3.20]
	at org.springframework.http.client.AbstractClientHttpRequest.execute(AbstractClientHttpRequest.java:66) ~[spring-web-5.3.20.jar:5.3.20]
	at org.springframework.web.client.RestTemplate.doExecute(RestTemplate.java:776) ~[spring-web-5.3.20.jar:5.3.20]
	at org.springframework.web.client.RestTemplate.execute(RestTemplate.java:711) ~[spring-web-5.3.20.jar:5.3.20]
	at org.springframework.web.client.RestTemplate.exchange(RestTemplate.java:602) ~[spring-web-5.3.20.jar:5.3.20]
	at org.springframework.cloud.config.client.ConfigServicePropertySourceLocator.getRemoteEnvironment(ConfigServicePropertySourceLocator.java:255) ~[spring-cloud-config-client-3.1.2.jar:3.1.2]
	at org.springframework.cloud.config.client.ConfigServicePropertySourceLocator.locate(ConfigServicePropertySourceLocator.java:109) ~[spring-cloud-config-client-3.1.2.jar:3.1.2]
	... 9 more
[ERROR] 2023-01-19 19:13:22.614 [main] [SpringApplication.reportFailure] {} - Application run failed
java.lang.IllegalStateException: Could not locate PropertySource and the fail fast property is set, failing
	at org.springframework.cloud.config.client.ConfigServicePropertySourceLocator.locate(ConfigServicePropertySourceLocator.java:148) ~[spring-cloud-config-client-3.1.2.jar:3.1.2]
	at org.springframework.cloud.bootstrap.config.PropertySourceLocator.locateCollection(PropertySourceLocator.java:51) ~[spring-cloud-context-3.1.2.jar:3.1.2]
	at org.springframework.cloud.config.client.ConfigServicePropertySourceLocator.locateCollection(ConfigServicePropertySourceLocator.java:160) ~[spring-cloud-config-client-3.1.2.jar:3.1.2]
	at org.springframework.cloud.bootstrap.config.PropertySourceBootstrapConfiguration.initialize(PropertySourceBootstrapConfiguration.java:95) ~[spring-cloud-context-3.1.2.jar:3.1.2]
	at org.springframework.boot.SpringApplication.applyInitializers(SpringApplication.java:607) ~[spring-boot-2.7.0.jar:2.7.0]
	at org.springframework.boot.SpringApplication.prepareContext(SpringApplication.java:373) ~[spring-boot-2.7.0.jar:2.7.0]
	at org.springframework.boot.SpringApplication.run(SpringApplication.java:307) ~[spring-boot-2.7.0.jar:2.7.0]
	at org.springframework.boot.SpringApplication.run(SpringApplication.java:1306) ~[spring-boot-2.7.0.jar:2.7.0]
	at org.springframework.boot.SpringApplication.run(SpringApplication.java:1295) ~[spring-boot-2.7.0.jar:2.7.0]
	at com.asset.dailyappnotificationservice.DailyAppNotificationServiceApplication.main(DailyAppNotificationServiceApplication.java:10) ~[classes/:?]
Caused by: org.springframework.web.client.ResourceAccessException: I/O error on GET request for "http://10.0.20.41:7070/notification-service/dev/development-phase1": Connection refused: no further information; nested exception is java.net.ConnectException: Connection refused: no further information
	at org.springframework.web.client.RestTemplate.doExecute(RestTemplate.java:785) ~[spring-web-5.3.20.jar:5.3.20]
	at org.springframework.web.client.RestTemplate.execute(RestTemplate.java:711) ~[spring-web-5.3.20.jar:5.3.20]
	at org.springframework.web.client.RestTemplate.exchange(RestTemplate.java:602) ~[spring-web-5.3.20.jar:5.3.20]
	at org.springframework.cloud.config.client.ConfigServicePropertySourceLocator.getRemoteEnvironment(ConfigServicePropertySourceLocator.java:255) ~[spring-cloud-config-client-3.1.2.jar:3.1.2]
	at org.springframework.cloud.config.client.ConfigServicePropertySourceLocator.locate(ConfigServicePropertySourceLocator.java:109) ~[spring-cloud-config-client-3.1.2.jar:3.1.2]
	... 9 more
Caused by: java.net.ConnectException: Connection refused: no further information
	at sun.nio.ch.Net.pollConnect(Native Method) ~[?:?]
	at sun.nio.ch.Net.pollConnectNow(Net.java:672) ~[?:?]
	at sun.nio.ch.NioSocketImpl.timedFinishConnect(NioSocketImpl.java:546) ~[?:?]
	at sun.nio.ch.NioSocketImpl.connect(NioSocketImpl.java:594) ~[?:?]
	at java.net.Socket.connect(Socket.java:633) ~[?:?]
	at sun.net.NetworkClient.doConnect(NetworkClient.java:178) ~[?:?]
	at sun.net.www.http.HttpClient.openServer(HttpClient.java:498) ~[?:?]
	at sun.net.www.http.HttpClient.openServer(HttpClient.java:603) ~[?:?]
	at sun.net.www.http.HttpClient.<init>(HttpClient.java:246) ~[?:?]
	at sun.net.www.http.HttpClient.New(HttpClient.java:351) ~[?:?]
	at sun.net.www.http.HttpClient.New(HttpClient.java:373) ~[?:?]
	at sun.net.www.protocol.http.HttpURLConnection.getNewHttpClient(HttpURLConnection.java:1309) ~[?:?]
	at sun.net.www.protocol.http.HttpURLConnection.plainConnect0(HttpURLConnection.java:1242) ~[?:?]
	at sun.net.www.protocol.http.HttpURLConnection.plainConnect(HttpURLConnection.java:1128) ~[?:?]
	at sun.net.www.protocol.http.HttpURLConnection.connect(HttpURLConnection.java:1057) ~[?:?]
	at org.springframework.http.client.SimpleBufferingClientHttpRequest.executeInternal(SimpleBufferingClientHttpRequest.java:76) ~[spring-web-5.3.20.jar:5.3.20]
	at org.springframework.http.client.AbstractBufferingClientHttpRequest.executeInternal(AbstractBufferingClientHttpRequest.java:48) ~[spring-web-5.3.20.jar:5.3.20]
	at org.springframework.http.client.AbstractClientHttpRequest.execute(AbstractClientHttpRequest.java:66) ~[spring-web-5.3.20.jar:5.3.20]
	at org.springframework.web.client.RestTemplate.doExecute(RestTemplate.java:776) ~[spring-web-5.3.20.jar:5.3.20]
	at org.springframework.web.client.RestTemplate.execute(RestTemplate.java:711) ~[spring-web-5.3.20.jar:5.3.20]
	at org.springframework.web.client.RestTemplate.exchange(RestTemplate.java:602) ~[spring-web-5.3.20.jar:5.3.20]
	at org.springframework.cloud.config.client.ConfigServicePropertySourceLocator.getRemoteEnvironment(ConfigServicePropertySourceLocator.java:255) ~[spring-cloud-config-client-3.1.2.jar:3.1.2]
	at org.springframework.cloud.config.client.ConfigServicePropertySourceLocator.locate(ConfigServicePropertySourceLocator.java:109) ~[spring-cloud-config-client-3.1.2.jar:3.1.2]
	... 9 more
[ERROR] 2023-01-19 19:13:55.414 [main] [SpringApplication.reportFailure] {} - Application run failed
java.lang.IllegalStateException: Could not locate PropertySource and the fail fast property is set, failing
	at org.springframework.cloud.config.client.ConfigServicePropertySourceLocator.locate(ConfigServicePropertySourceLocator.java:148) ~[spring-cloud-config-client-3.1.2.jar:3.1.2]
	at org.springframework.cloud.bootstrap.config.PropertySourceLocator.locateCollection(PropertySourceLocator.java:51) ~[spring-cloud-context-3.1.2.jar:3.1.2]
	at org.springframework.cloud.config.client.ConfigServicePropertySourceLocator.locateCollection(ConfigServicePropertySourceLocator.java:160) ~[spring-cloud-config-client-3.1.2.jar:3.1.2]
	at org.springframework.cloud.bootstrap.config.PropertySourceBootstrapConfiguration.initialize(PropertySourceBootstrapConfiguration.java:95) ~[spring-cloud-context-3.1.2.jar:3.1.2]
	at org.springframework.boot.SpringApplication.applyInitializers(SpringApplication.java:607) ~[spring-boot-2.7.0.jar:2.7.0]
	at org.springframework.boot.SpringApplication.prepareContext(SpringApplication.java:373) ~[spring-boot-2.7.0.jar:2.7.0]
	at org.springframework.boot.SpringApplication.run(SpringApplication.java:307) ~[spring-boot-2.7.0.jar:2.7.0]
	at org.springframework.boot.SpringApplication.run(SpringApplication.java:1306) ~[spring-boot-2.7.0.jar:2.7.0]
	at org.springframework.boot.SpringApplication.run(SpringApplication.java:1295) ~[spring-boot-2.7.0.jar:2.7.0]
	at com.asset.dailyappnotificationservice.DailyAppNotificationServiceApplication.main(DailyAppNotificationServiceApplication.java:10) ~[classes/:?]
Caused by: org.springframework.web.client.ResourceAccessException: I/O error on GET request for "http://10.0.20.41:7070/notification-service/dev/development-phase1": Connection refused: no further information; nested exception is java.net.ConnectException: Connection refused: no further information
	at org.springframework.web.client.RestTemplate.doExecute(RestTemplate.java:785) ~[spring-web-5.3.20.jar:5.3.20]
	at org.springframework.web.client.RestTemplate.execute(RestTemplate.java:711) ~[spring-web-5.3.20.jar:5.3.20]
	at org.springframework.web.client.RestTemplate.exchange(RestTemplate.java:602) ~[spring-web-5.3.20.jar:5.3.20]
	at org.springframework.cloud.config.client.ConfigServicePropertySourceLocator.getRemoteEnvironment(ConfigServicePropertySourceLocator.java:255) ~[spring-cloud-config-client-3.1.2.jar:3.1.2]
	at org.springframework.cloud.config.client.ConfigServicePropertySourceLocator.locate(ConfigServicePropertySourceLocator.java:109) ~[spring-cloud-config-client-3.1.2.jar:3.1.2]
	... 9 more
Caused by: java.net.ConnectException: Connection refused: no further information
	at sun.nio.ch.Net.pollConnect(Native Method) ~[?:?]
	at sun.nio.ch.Net.pollConnectNow(Net.java:672) ~[?:?]
	at sun.nio.ch.NioSocketImpl.timedFinishConnect(NioSocketImpl.java:546) ~[?:?]
	at sun.nio.ch.NioSocketImpl.connect(NioSocketImpl.java:594) ~[?:?]
	at java.net.Socket.connect(Socket.java:633) ~[?:?]
	at sun.net.NetworkClient.doConnect(NetworkClient.java:178) ~[?:?]
	at sun.net.www.http.HttpClient.openServer(HttpClient.java:498) ~[?:?]
	at sun.net.www.http.HttpClient.openServer(HttpClient.java:603) ~[?:?]
	at sun.net.www.http.HttpClient.<init>(HttpClient.java:246) ~[?:?]
	at sun.net.www.http.HttpClient.New(HttpClient.java:351) ~[?:?]
	at sun.net.www.http.HttpClient.New(HttpClient.java:373) ~[?:?]
	at sun.net.www.protocol.http.HttpURLConnection.getNewHttpClient(HttpURLConnection.java:1309) ~[?:?]
	at sun.net.www.protocol.http.HttpURLConnection.plainConnect0(HttpURLConnection.java:1242) ~[?:?]
	at sun.net.www.protocol.http.HttpURLConnection.plainConnect(HttpURLConnection.java:1128) ~[?:?]
	at sun.net.www.protocol.http.HttpURLConnection.connect(HttpURLConnection.java:1057) ~[?:?]
	at org.springframework.http.client.SimpleBufferingClientHttpRequest.executeInternal(SimpleBufferingClientHttpRequest.java:76) ~[spring-web-5.3.20.jar:5.3.20]
	at org.springframework.http.client.AbstractBufferingClientHttpRequest.executeInternal(AbstractBufferingClientHttpRequest.java:48) ~[spring-web-5.3.20.jar:5.3.20]
	at org.springframework.http.client.AbstractClientHttpRequest.execute(AbstractClientHttpRequest.java:66) ~[spring-web-5.3.20.jar:5.3.20]
	at org.springframework.web.client.RestTemplate.doExecute(RestTemplate.java:776) ~[spring-web-5.3.20.jar:5.3.20]
	at org.springframework.web.client.RestTemplate.execute(RestTemplate.java:711) ~[spring-web-5.3.20.jar:5.3.20]
	at org.springframework.web.client.RestTemplate.exchange(RestTemplate.java:602) ~[spring-web-5.3.20.jar:5.3.20]
	at org.springframework.cloud.config.client.ConfigServicePropertySourceLocator.getRemoteEnvironment(ConfigServicePropertySourceLocator.java:255) ~[spring-cloud-config-client-3.1.2.jar:3.1.2]
	at org.springframework.cloud.config.client.ConfigServicePropertySourceLocator.locate(ConfigServicePropertySourceLocator.java:109) ~[spring-cloud-config-client-3.1.2.jar:3.1.2]
	... 9 more
[ERROR] 2023-01-19 19:59:03.626 [pool-5-thread-2] [NotificationsDao.getServiceClassKeys] {} - DATA-ACCESS-EXCEPTION service classes keys cannot be retrieved
[ERROR] 2023-01-19 19:59:03.630 [pool-5-thread-1] [NotificationsDao.getRatePlanKeys] {} - DATA-ACCESS-EXCEPTION service classes keys cannot be retrieved
[ERROR] 2023-01-19 19:59:03.627 [pool-5-thread-3] [NotificationsDao.getPriceGroupKeys] {} - DATA-ACCESS-EXCEPTION service classes keys cannot be retrieved
[ERROR] 2023-01-19 19:59:03.626 [pool-5-thread-4] [NotificationsDao.getTariffModelKeys] {} - DATA-ACCESS-EXCEPTION service classes keys cannot be retrieved
